23:43:15.662 [INFO] cli_log::init: Starting broot v1.51.0 with log level DEBUG
23:43:15.662 [DEBUG] broot: env::args(): [
    "broot",
]
23:43:15.663 [INFO] broot::shell_install: Shell installation state: UpToDate
23:43:15.663 [DEBUG] broot::conf::conf: reading conf file: "/home/wytchfyre/.config/broot/conf.hjson"
23:43:15.663 [DEBUG] broot::conf::conf: reading conf file: "/home/wytchfyre/.config/broot/verbs.hjson"
23:43:15.663 [DEBUG] broot::display::luma: terminal_light::luma() took 174.958µs
23:43:15.663 [INFO] broot::display::luma: terminal's luma: Ok(0.0)
23:43:15.663 [DEBUG] broot::conf::conf: reading conf file: "/home/wytchfyre/.config/broot/skins/dark-gruvbox.hjson"
23:43:15.668 [DEBUG] broot::conf::conf: skipping not applying conf file : "skins/white.hjson"
23:43:15.668 [DEBUG] broot::cli: Conf::from_default_location() took 5.536783ms
23:43:15.668 [DEBUG] broot::cli: config: Conf {
    capture_mouse: None,
    cols_order: None,
    content_search_max_file_size: Some(
        50000000000,
    ),
    date_time_format: None,
    default_flags: Some(
        "-Gh",
    ),
    disable_mouse_capture: None,
    enable_kitty_keyboard: None,
    ext_colors: {},
    file_sum_threads_count: None,
    files: [
        "/home/wytchfyre/.config/broot/conf.hjson",
        "/home/wytchfyre/.config/broot/verbs.hjson",
        "/home/wytchfyre/.config/broot/skins/dark-gruvbox.hjson",
    ],
    icon_theme: Some(
        "nerdfont",
    ),
    imports: [],
    initial_mode: None,
    kitty_graphics_transmission: Some(
        TempFile,
    ),
    kitty_graphics_display: Some(
        Unicode,
    ),
    kept_kitty_temp_files: None,
    preview_transformers: [
        PreviewTransformerConf {
            input_extensions: [
                "pdf",
            ],
            output_extension: "png",
            command: [
                "mutool",
                "draw",
                "-w",
                "1000",
                "-o",
                "{output-path}",
                "{input-path}",
            ],
            mode: Image,
        },
    ],
    lines_after_match_in_preview: Some(
        1,
    ),
    lines_before_match_in_preview: Some(
        1,
    ),
    max_panels_count: None,
    max_staged_count: None,
    modal: Some(
        false,
    ),
    quit_on_last_cancel: Some(
        true,
    ),
    search_modes: None,
    show_matching_characters_on_path_searches: None,
    show_selection_mark: Some(
        true,
    ),
    skin: Some(
        {
            "good_to_bad_6": SkinEntry {
                focused: CompoundStyle {
                    object_style: ContentStyle {
                        foreground_color: Some(
                            AnsiValue(
                                136,
                            ),
                        ),
                        background_color: None,
                        underline_color: None,
                        attributes: Attributes(
                            0,
                        ),
                    },
                },
                unfocused: None,
            },
            "group": SkinEntry {
                focused: CompoundStyle {
                    object_style: ContentStyle {
                        foreground_color: Some(
                            Rgb {
                                r: 215,
                                g: 153,
                                b: 33,
                            },
                        ),
                        background_color: None,
                        underline_color: None,
                        attributes: Attributes(
                            0,
                        ),
                    },
                },
                unfocused: None,
            },
            "file": SkinEntry {
                focused: CompoundStyle {
                    object_style: ContentStyle {
                        foreground_color: None,
                        background_color: None,
                        underline_color: None,
                        attributes: Attributes(
                            0,
                        ),
                    },
                },
                unfocused: Some(
                    CompoundStyle {
                        object_style: ContentStyle {
                            foreground_color: None,
                            background_color: None,
                            underline_color: None,
                            attributes: Attributes(
                                16,
                            ),
                        },
                    },
                ),
            },
            "count": SkinEntry {
                focused: CompoundStyle {
                    object_style: ContentStyle {
                        foreground_color: Some(
                            Rgb {
                                r: 69,
                                g: 133,
                                b: 136,
                            },
                        ),
                        background_color: Some(
                            Rgb {
                                r: 50,
                                g: 48,
                                b: 47,
                            },
                        ),
                        underline_color: None,
                        attributes: Attributes(
                            0,
                        ),
                    },
                },
                unfocused: None,
            },
            "link": SkinEntry {
                focused: CompoundStyle {
                    object_style: ContentStyle {
                        foreground_color: Some(
                            Rgb {
                                r: 104,
                                g: 157,
                                b: 106,
                            },
                        ),
                        background_color: None,
                        underline_color: None,
                        attributes: Attributes(
                            0,
                        ),
                    },
                },
                unfocused: None,
            },
            "git_deletions": SkinEntry {
                focused: CompoundStyle {
                    object_style: ContentStyle {
                        foreground_color: Some(
                            Rgb {
                                r: 190,
                                g: 15,
                                b: 23,
                            },
                        ),
                        background_color: None,
                        underline_color: None,
                        attributes: Attributes(
                            0,
                        ),
                    },
                },
                unfocused: None,
            },
            "git_branch": SkinEntry {
                focused: CompoundStyle {
                    object_style: ContentStyle {
                        foreground_color: Some(
                            Rgb {
                                r: 251,
                                g: 241,
                                b: 199,
                            },
                        ),
                        background_color: None,
                        underline_color: None,
                        attributes: Attributes(
                            0,
                        ),
                    },
                },
                unfocused: None,
            },
            "status_ellipsis": SkinEntry {
                focused: CompoundStyle {
                    object_style: ContentStyle {
                        foreground_color: Some(
                            Rgb {
                                r: 251,
                                g: 241,
                                b: 199,
                            },
                        ),
                        background_color: Some(
                            Rgb {
                                r: 40,
                                g: 38,
                                b: 37,
                            },
                        ),
                        underline_color: None,
                        attributes: Attributes(
                            4,
                        ),
                    },
                },
                unfocused: Some(
                    CompoundStyle {
                        object_style: ContentStyle {
                            foreground_color: None,
                            background_color: None,
                            underline_color: None,
                            attributes: Attributes(
                                0,
                            ),
                        },
                    },
                ),
            },
            "good_to_bad_5": SkinEntry {
                focused: CompoundStyle {
                    object_style: ContentStyle {
                        foreground_color: Some(
                            AnsiValue(
                                100,
                            ),
                        ),
                        background_color: None,
                        underline_color: None,
                        attributes: Attributes(
                            0,
                        ),
                    },
                },
                unfocused: None,
            },
            "mode_command_mark": SkinEntry {
                focused: CompoundStyle {
                    object_style: ContentStyle {
                        foreground_color: Some(
                            AnsiValue(
                                237,
                            ),
                        ),
                        background_color: Some(
                            AnsiValue(
                                204,
                            ),
                        ),
                        underline_color: None,
                        attributes: Attributes(
                            4,
                        ),
                    },
                },
                unfocused: None,
            },
            "git_status_new": SkinEntry {
                focused: CompoundStyle {
                    object_style: ContentStyle {
                        foreground_color: Some(
                            Rgb {
                                r: 104,
                                g: 187,
                                b: 38,
                            },
                        ),
                        background_color: None,
                        underline_color: None,
                        attributes: Attributes(
                            4,
                        ),
                    },
                },
                unfocused: None,
            },
            "status_bold": SkinEntry {
                focused: CompoundStyle {
                    object_style: ContentStyle {
                        foreground_color: Some(
                            Rgb {
                                r: 211,
                                g: 134,
                                b: 155,
                            },
                        ),
                        background_color: Some(
                            Rgb {
                                r: 40,
                                g: 38,
                                b: 37,
                            },
                        ),
                        underline_color: None,
                        attributes: Attributes(
                            4,
                        ),
                    },
                },
                unfocused: Some(
                    CompoundStyle {
                        object_style: ContentStyle {
                            foreground_color: None,
                            background_color: None,
                            underline_color: None,
                            attributes: Attributes(
                                0,
                            ),
                        },
                    },
                ),
            },
            "help_paragraph": SkinEntry {
                focused: CompoundStyle {
                    object_style: ContentStyle {
                        foreground_color: None,
                        background_color: None,
                        underline_color: None,
                        attributes: Attributes(
                            0,
                        ),
                    },
                },
                unfocused: None,
            },
            "hex_ascii_other": SkinEntry {
                focused: CompoundStyle {
                    object_style: ContentStyle {
                        foreground_color: Some(
                            Rgb {
                                r: 254,
                                g: 128,
                                b: 25,
                            },
                        ),
                        background_color: None,
                        underline_color: None,
                        attributes: Attributes(
                            0,
                        ),
                    },
                },
                unfocused: None,
            },
            "exe": SkinEntry {
                focused: CompoundStyle {
                    object_style: ContentStyle {
                        foreground_color: Some(
                            Rgb {
                                r: 184,
                                g: 187,
                                b: 38,
                            },
                        ),
                        background_color: None,
                        underline_color: None,
                        attributes: Attributes(
                            0,
                        ),
                    },
                },
                unfocused: None,
            },
            "preview_line_number": SkinEntry {
                focused: CompoundStyle {
                    object_style: ContentStyle {
                        foreground_color: Some(
                            Rgb {
                                r: 124,
                                g: 111,
                                b: 100,
                            },
                        ),
                        background_color: None,
                        underline_color: None,
                        attributes: Attributes(
                            0,
                        ),
                    },
                },
                unfocused: Some(
                    CompoundStyle {
                        object_style: ContentStyle {
                            foreground_color: Some(
                                Rgb {
                                    r: 124,
                                    g: 111,
                                    b: 100,
                                },
                            ),
                            background_color: Some(
                                Rgb {
                                    r: 40,
                                    g: 40,
                                    b: 40,
                                },
                            ),
                            underline_color: None,
                            attributes: Attributes(
                                0,
                            ),
                        },
                    },
                ),
            },
            "good_to_bad_1": SkinEntry {
                focused: CompoundStyle {
                    object_style: ContentStyle {
                        foreground_color: Some(
                            AnsiValue(
                                29,
                            ),
                        ),
                        background_color: None,
                        underline_color: None,
                        attributes: Attributes(
                            0,
                        ),
                    },
                },
                unfocused: None,
            },
            "status_italic": SkinEntry {
                focused: CompoundStyle {
                    object_style: ContentStyle {
                        foreground_color: Some(
                            Rgb {
                                r: 211,
                                g: 134,
                                b: 155,
                            },
                        ),
                        background_color: Some(
                            Rgb {
                                r: 40,
                                g: 38,
                                b: 37,
                            },
                        ),
                        underline_color: None,
                        attributes: Attributes(
                            16,
                        ),
                    },
                },
                unfocused: Some(
                    CompoundStyle {
                        object_style: ContentStyle {
                            foreground_color: None,
                            background_color: None,
                            underline_color: None,
                            attributes: Attributes(
                                0,
                            ),
                        },
                    },
                ),
            },
            "perm_w": SkinEntry {
                focused: CompoundStyle {
                    object_style: ContentStyle {
                        foreground_color: Some(
                            Rgb {
                                r: 204,
                                g: 36,
                                b: 29,
                            },
                        ),
                        background_color: None,
                        underline_color: None,
                        attributes: Attributes(
                            0,
                        ),
                    },
                },
                unfocused: None,
            },
            "good_to_bad_3": SkinEntry {
                focused: CompoundStyle {
                    object_style: ContentStyle {
                        foreground_color: Some(
                            AnsiValue(
                                29,
                            ),
                        ),
                        background_color: None,
                        underline_color: None,
                        attributes: Attributes(
                            0,
                        ),
                    },
                },
                unfocused: None,
            },
            "hex_non_ascii": SkinEntry {
                focused: CompoundStyle {
                    object_style: ContentStyle {
                        foreground_color: Some(
                            Rgb {
                                r: 214,
                                g: 93,
                                b: 14,
                            },
                        ),
                        background_color: None,
                        underline_color: None,
                        attributes: Attributes(
                            0,
                        ),
                    },
                },
                unfocused: None,
            },
            "status_normal": SkinEntry {
                focused: CompoundStyle {
                    object_style: ContentStyle {
                        foreground_color: None,
                        background_color: Some(
                            Rgb {
                                r: 40,
                                g: 38,
                                b: 37,
                            },
                        ),
                        underline_color: None,
                        attributes: Attributes(
                            0,
                        ),
                    },
                },
                unfocused: Some(
                    CompoundStyle {
                        object_style: ContentStyle {
                            foreground_color: None,
                            background_color: None,
                            underline_color: None,
                            attributes: Attributes(
                                0,
                            ),
                        },
                    },
                ),
            },
            "good_to_bad_8": SkinEntry {
                focused: CompoundStyle {
                    object_style: ContentStyle {
                        foreground_color: Some(
                            AnsiValue(
                                166,
                            ),
                        ),
                        background_color: None,
                        underline_color: None,
                        attributes: Attributes(
                            0,
                        ),
                    },
                },
                unfocused: None,
            },
            "purpose_italic": SkinEntry {
                focused: CompoundStyle {
                    object_style: ContentStyle {
                        foreground_color: Some(
                            Rgb {
                                r: 177,
                                g: 98,
                                b: 134,
                            },
                        ),
                        background_color: None,
                        underline_color: None,
                        attributes: Attributes(
                            16,
                        ),
                    },
                },
                unfocused: None,
            },
            "hex_ascii_graphic": SkinEntry {
                focused: CompoundStyle {
                    object_style: ContentStyle {
                        foreground_color: Some(
                            Rgb {
                                r: 213,
                                g: 196,
                                b: 161,
                            },
                        ),
                        background_color: None,
                        underline_color: None,
                        attributes: Attributes(
                            0,
                        ),
                    },
                },
                unfocused: None,
            },
            "perm__": SkinEntry {
                focused: CompoundStyle {
                    object_style: ContentStyle {
                        foreground_color: None,
                        background_color: None,
                        underline_color: None,
                        attributes: Attributes(
                            0,
                        ),
                    },
                },
                unfocused: None,
            },
            "default": SkinEntry {
                focused: CompoundStyle {
                    object_style: ContentStyle {
                        foreground_color: Some(
                            Rgb {
                                r: 235,
                                g: 219,
                                b: 178,
                            },
                        ),
                        background_color: None,
                        underline_color: None,
                        attributes: Attributes(
                            0,
                        ),
                    },
                },
                unfocused: Some(
                    CompoundStyle {
                        object_style: ContentStyle {
                            foreground_color: Some(
                                Rgb {
                                    r: 189,
                                    g: 174,
                                    b: 147,
                                },
                            ),
                            background_color: None,
                            underline_color: None,
                            attributes: Attributes(
                                0,
                            ),
                        },
                    },
                ),
            },
            "good_to_bad_2": SkinEntry {
                focused: CompoundStyle {
                    object_style: ContentStyle {
                        foreground_color: Some(
                            AnsiValue(
                                29,
                            ),
                        ),
                        background_color: None,
                        underline_color: None,
                        attributes: Attributes(
                            0,
                        ),
                    },
                },
                unfocused: None,
            },
            "scrollbar_thumb": SkinEntry {
                focused: CompoundStyle {
                    object_style: ContentStyle {
                        foreground_color: Some(
                            Rgb {
                                r: 213,
                                g: 196,
                                b: 161,
                            },
                        ),
                        background_color: None,
                        underline_color: None,
                        attributes: Attributes(
                            0,
                        ),
                    },
                },
                unfocused: Some(
                    CompoundStyle {
                        object_style: ContentStyle {
                            foreground_color: Some(
                                Rgb {
                                    r: 102,
                                    g: 92,
                                    b: 84,
                                },
                            ),
                            background_color: None,
                            underline_color: None,
                            attributes: Attributes(
                                0,
                            ),
                        },
                    },
                ),
            },
            "git_status_modified": SkinEntry {
                focused: CompoundStyle {
                    object_style: ContentStyle {
                        foreground_color: Some(
                            Rgb {
                                r: 152,
                                g: 151,
                                b: 26,
                            },
                        ),
                        background_color: None,
                        underline_color: None,
                        attributes: Attributes(
                            0,
                        ),
                    },
                },
                unfocused: None,
            },
            "parent": SkinEntry {
                focused: CompoundStyle {
                    object_style: ContentStyle {
                        foreground_color: Some(
                            Rgb {
                                r: 235,
                                g: 219,
                                b: 178,
                            },
                        ),
                        background_color: None,
                        underline_color: None,
                        attributes: Attributes(
                            0,
                        ),
                    },
                },
                unfocused: Some(
                    CompoundStyle {
                        object_style: ContentStyle {
                            foreground_color: Some(
                                Rgb {
                                    r: 189,
                                    g: 174,
                                    b: 147,
                                },
                            ),
                            background_color: None,
                            underline_color: None,
                            attributes: Attributes(
                                16,
                            ),
                        },
                    },
                ),
            },
            "help_code": SkinEntry {
                focused: CompoundStyle {
                    object_style: ContentStyle {
                        foreground_color: Some(
                            Rgb {
                                r: 142,
                                g: 192,
                                b: 124,
                            },
                        ),
                        background_color: Some(
                            Rgb {
                                r: 50,
                                g: 48,
                                b: 47,
                            },
                        ),
                        underline_color: None,
                        attributes: Attributes(
                            0,
                        ),
                    },
                },
                unfocused: None,
            },
            "content_extract": SkinEntry {
                focused: CompoundStyle {
                    object_style: ContentStyle {
                        foreground_color: Some(
                            AnsiValue(
                                29,
                            ),
                        ),
                        background_color: None,
                        underline_color: None,
                        attributes: Attributes(
                            16,
                        ),
                    },
                },
                unfocused: None,
            },
            "tree": SkinEntry {
                focused: CompoundStyle {
                    object_style: ContentStyle {
                        foreground_color: Some(
                            Rgb {
                                r: 70,
                                g: 70,
                                b: 80,
                            },
                        ),
                        background_color: None,
                        underline_color: None,
                        attributes: Attributes(
                            0,
                        ),
                    },
                },
                unfocused: Some(
                    CompoundStyle {
                        object_style: ContentStyle {
                            foreground_color: Some(
                                Rgb {
                                    r: 60,
                                    g: 60,
                                    b: 60,
                                },
                            ),
                            background_color: None,
                            underline_color: None,
                            attributes: Attributes(
                                0,
                            ),
                        },
                    },
                ),
            },
            "char_match": SkinEntry {
                focused: CompoundStyle {
                    object_style: ContentStyle {
                        foreground_color: Some(
                            Rgb {
                                r: 250,
                                g: 189,
                                b: 47,
                            },
                        ),
                        background_color: None,
                        underline_color: None,
                        attributes: Attributes(
                            0,
                        ),
                    },
                },
                unfocused: None,
            },
            "owner": SkinEntry {
                focused: CompoundStyle {
                    object_style: ContentStyle {
                        foreground_color: Some(
                            Rgb {
                                r: 215,
                                g: 153,
                                b: 33,
                            },
                        ),
                        background_color: None,
                        underline_color: None,
                        attributes: Attributes(
                            4,
                        ),
                    },
                },
                unfocused: None,
            },
            "help_italic": SkinEntry {
                focused: CompoundStyle {
                    object_style: ContentStyle {
                        foreground_color: Some(
                            Rgb {
                                r: 211,
                                g: 134,
                                b: 155,
                            },
                        ),
                        background_color: None,
                        underline_color: None,
                        attributes: Attributes(
                            16,
                        ),
                    },
                },
                unfocused: None,
            },
            "hex_null": SkinEntry {
                focused: CompoundStyle {
                    object_style: ContentStyle {
                        foreground_color: Some(
                            Rgb {
                                r: 189,
                                g: 174,
                                b: 147,
                            },
                        ),
                        background_color: None,
                        underline_color: None,
                        attributes: Attributes(
                            0,
                        ),
                    },
                },
                unfocused: None,
            },
            "good_to_bad_4": SkinEntry {
                focused: CompoundStyle {
                    object_style: ContentStyle {
                        foreground_color: Some(
                            AnsiValue(
                                29,
                            ),
                        ),
                        background_color: None,
                        underline_color: None,
                        attributes: Attributes(
                            0,
                        ),
                    },
                },
                unfocused: None,
            },
            "file_error": SkinEntry {
                focused: CompoundStyle {
                    object_style: ContentStyle {
                        foreground_color: Some(
                            Rgb {
                                r: 251,
                                g: 73,
                                b: 52,
                            },
                        ),
                        background_color: None,
                        underline_color: None,
                        attributes: Attributes(
                            0,
                        ),
                    },
                },
                unfocused: None,
            },
            "purpose_normal": SkinEntry {
                focused: CompoundStyle {
                    object_style: ContentStyle {
                        foreground_color: None,
                        background_color: None,
                        underline_color: None,
                        attributes: Attributes(
                            0,
                        ),
                    },
                },
                unfocused: None,
            },
            "dates": SkinEntry {
                focused: CompoundStyle {
                    object_style: ContentStyle {
                        foreground_color: Some(
                            Rgb {
                                r: 168,
                                g: 153,
                                b: 132,
                            },
                        ),
                        background_color: None,
                        underline_color: None,
                        attributes: Attributes(
                            0,
                        ),
                    },
                },
                unfocused: None,
            },
            "preview": SkinEntry {
                focused: CompoundStyle {
                    object_style: ContentStyle {
                        foreground_color: Some(
                            Rgb {
                                r: 235,
                                g: 219,
                                b: 178,
                            },
                        ),
                        background_color: Some(
                            Rgb {
                                r: 40,
                                g: 40,
                                b: 40,
                            },
                        ),
                        underline_color: None,
                        attributes: Attributes(
                            0,
                        ),
                    },
                },
                unfocused: Some(
                    CompoundStyle {
                        object_style: ContentStyle {
                            foreground_color: Some(
                                Rgb {
                                    r: 235,
                                    g: 219,
                                    b: 178,
                                },
                            ),
                            background_color: Some(
                                Rgb {
                                    r: 40,
                                    g: 40,
                                    b: 40,
                                },
                            ),
                            underline_color: None,
                            attributes: Attributes(
                                0,
                            ),
                        },
                    },
                ),
            },
            "directory": SkinEntry {
                focused: CompoundStyle {
                    object_style: ContentStyle {
                        foreground_color: Some(
                            Rgb {
                                r: 255,
                                g: 96,
                                b: 0,
                            },
                        ),
                        background_color: None,
                        underline_color: None,
                        attributes: Attributes(
                            4,
                        ),
                    },
                },
                unfocused: Some(
                    CompoundStyle {
                        object_style: ContentStyle {
                            foreground_color: Some(
                                Rgb {
                                    r: 255,
                                    g: 96,
                                    b: 0,
                                },
                            ),
                            background_color: None,
                            underline_color: None,
                            attributes: Attributes(
                                0,
                            ),
                        },
                    },
                ),
            },
            "help_headers": SkinEntry {
                focused: CompoundStyle {
                    object_style: ContentStyle {
                        foreground_color: Some(
                            Rgb {
                                r: 254,
                                g: 128,
                                b: 25,
                            },
                        ),
                        background_color: None,
                        underline_color: None,
                        attributes: Attributes(
                            4,
                        ),
                    },
                },
                unfocused: None,
            },
            "content_match": SkinEntry {
                focused: CompoundStyle {
                    object_style: ContentStyle {
                        foreground_color: Some(
                            AnsiValue(
                                34,
                            ),
                        ),
                        background_color: None,
                        underline_color: None,
                        attributes: Attributes(
                            4,
                        ),
                    },
                },
                unfocused: None,
            },
            "purpose_bold": SkinEntry {
                focused: CompoundStyle {
                    object_style: ContentStyle {
                        foreground_color: Some(
                            Rgb {
                                r: 177,
                                g: 98,
                                b: 134,
                            },
                        ),
                        background_color: None,
                        underline_color: None,
                        attributes: Attributes(
                            4,
                        ),
                    },
                },
                unfocused: None,
            },
            "good_to_bad_0": SkinEntry {
                focused: CompoundStyle {
                    object_style: ContentStyle {
                        foreground_color: Some(
                            AnsiValue(
                                28,
                            ),
                        ),
                        background_color: None,
                        underline_color: None,
                        attributes: Attributes(
                            0,
                        ),
                    },
                },
                unfocused: None,
            },
            "git_insertions": SkinEntry {
                focused: CompoundStyle {
                    object_style: ContentStyle {
                        foreground_color: Some(
                            Rgb {
                                r: 152,
                                g: 151,
                                b: 26,
                            },
                        ),
                        background_color: None,
                        underline_color: None,
                        attributes: Attributes(
                            0,
                        ),
                    },
                },
                unfocused: None,
            },
            "flag_label": SkinEntry {
                focused: CompoundStyle {
                    object_style: ContentStyle {
                        foreground_color: Some(
                            Rgb {
                                r: 189,
                                g: 174,
                                b: 147,
                            },
                        ),
                        background_color: None,
                        underline_color: None,
                        attributes: Attributes(
                            0,
                        ),
                    },
                },
                unfocused: None,
            },
            "staging_area_title": SkinEntry {
                focused: CompoundStyle {
                    object_style: ContentStyle {
                        foreground_color: Some(
                            Rgb {
                                r: 235,
                                g: 219,
                                b: 178,
                            },
                        ),
                        background_color: Some(
                            Rgb {
                                r: 40,
                                g: 40,
                                b: 40,
                            },
                        ),
                        underline_color: None,
                        attributes: Attributes(
                            0,
                        ),
                    },
                },
                unfocused: Some(
                    CompoundStyle {
                        object_style: ContentStyle {
                            foreground_color: Some(
                                Rgb {
                                    r: 189,
                                    g: 174,
                                    b: 147,
                                },
                            ),
                            background_color: Some(
                                Rgb {
                                    r: 40,
                                    g: 40,
                                    b: 40,
                                },
                            ),
                            underline_color: None,
                            attributes: Attributes(
                                0,
                            ),
                        },
                    },
                ),
            },
            "git_status_ignored": SkinEntry {
                focused: CompoundStyle {
                    object_style: ContentStyle {
                        foreground_color: Some(
                            Rgb {
                                r: 213,
                                g: 196,
                                b: 161,
                            },
                        ),
                        background_color: None,
                        underline_color: None,
                        attributes: Attributes(
                            0,
                        ),
                    },
                },
                unfocused: None,
            },
            "status_code": SkinEntry {
                focused: CompoundStyle {
                    object_style: ContentStyle {
                        foreground_color: Some(
                            Rgb {
                                r: 251,
                                g: 241,
                                b: 199,
                            },
                        ),
                        background_color: Some(
                            Rgb {
                                r: 40,
                                g: 38,
                                b: 37,
                            },
                        ),
                        underline_color: None,
                        attributes: Attributes(
                            0,
                        ),
                    },
                },
                unfocused: Some(
                    CompoundStyle {
                        object_style: ContentStyle {
                            foreground_color: None,
                            background_color: None,
                            underline_color: None,
                            attributes: Attributes(
                                0,
                            ),
                        },
                    },
                ),
            },
            "good_to_bad_9": SkinEntry {
                focused: CompoundStyle {
                    object_style: ContentStyle {
                        foreground_color: Some(
                            AnsiValue(
                                196,
                            ),
                        ),
                        background_color: None,
                        underline_color: None,
                        attributes: Attributes(
                            0,
                        ),
                    },
                },
                unfocused: None,
            },
            "git_status_current": SkinEntry {
                focused: CompoundStyle {
                    object_style: ContentStyle {
                        foreground_color: Some(
                            Rgb {
                                r: 60,
                                g: 56,
                                b: 54,
                            },
                        ),
                        background_color: None,
                        underline_color: None,
                        attributes: Attributes(
                            0,
                        ),
                    },
                },
                unfocused: None,
            },
            "preview_match": SkinEntry {
                focused: CompoundStyle {
                    object_style: ContentStyle {
                        foreground_color: None,
                        background_color: Some(
                            AnsiValue(
                                29,
                            ),
                        ),
                        underline_color: None,
                        attributes: Attributes(
                            4,
                        ),
                    },
                },
                unfocused: None,
            },
            "preview_title": SkinEntry {
                focused: CompoundStyle {
                    object_style: ContentStyle {
                        foreground_color: Some(
                            Rgb {
                                r: 235,
                                g: 219,
                                b: 178,
                            },
                        ),
                        background_color: Some(
                            Rgb {
                                r: 40,
                                g: 40,
                                b: 40,
                            },
                        ),
                        underline_color: None,
                        attributes: Attributes(
                            0,
                        ),
                    },
                },
                unfocused: Some(
                    CompoundStyle {
                        object_style: ContentStyle {
                            foreground_color: Some(
                                Rgb {
                                    r: 189,
                                    g: 174,
                                    b: 147,
                                },
                            ),
                            background_color: Some(
                                Rgb {
                                    r: 40,
                                    g: 40,
                                    b: 40,
                                },
                            ),
                            underline_color: None,
                            attributes: Attributes(
                                0,
                            ),
                        },
                    },
                ),
            },
            "good_to_bad_7": SkinEntry {
                focused: CompoundStyle {
                    object_style: ContentStyle {
                        foreground_color: Some(
                            AnsiValue(
                                172,
                            ),
                        ),
                        background_color: None,
                        underline_color: None,
                        attributes: Attributes(
                            0,
                        ),
                    },
                },
                unfocused: None,
            },
            "preview_separator": SkinEntry {
                focused: CompoundStyle {
                    object_style: ContentStyle {
                        foreground_color: Some(
                            Rgb {
                                r: 70,
                                g: 70,
                                b: 80,
                            },
                        ),
                        background_color: None,
                        underline_color: None,
                        attributes: Attributes(
                            0,
                        ),
                    },
                },
                unfocused: Some(
                    CompoundStyle {
                        object_style: ContentStyle {
                            foreground_color: Some(
                                Rgb {
                                    r: 60,
                                    g: 60,
                                    b: 60,
                                },
                            ),
                            background_color: None,
                            underline_color: None,
                            attributes: Attributes(
                                0,
                            ),
                        },
                    },
                ),
            },
            "perm_r": SkinEntry {
                focused: CompoundStyle {
                    object_style: ContentStyle {
                        foreground_color: Some(
                            Rgb {
                                r: 215,
                                g: 153,
                                b: 33,
                            },
                        ),
                        background_color: None,
                        underline_color: None,
                        attributes: Attributes(
                            0,
                        ),
                    },
                },
                unfocused: None,
            },
            "git_status_other": SkinEntry {
                focused: CompoundStyle {
                    object_style: ContentStyle {
                        foreground_color: Some(
                            Rgb {
                                r: 204,
                                g: 36,
                                b: 29,
                            },
                        ),
                        background_color: None,
                        underline_color: None,
                        attributes: Attributes(
                            0,
                        ),
                    },
                },
                unfocused: None,
            },
            "input": SkinEntry {
                focused: CompoundStyle {
                    object_style: ContentStyle {
                        foreground_color: Some(
                            Rgb {
                                r: 251,
                                g: 241,
                                b: 199,
                            },
                        ),
                        background_color: None,
                        underline_color: None,
                        attributes: Attributes(
                            0,
                        ),
                    },
                },
                unfocused: Some(
                    CompoundStyle {
                        object_style: ContentStyle {
                            foreground_color: Some(
                                Rgb {
                                    r: 189,
                                    g: 174,
                                    b: 147,
                                },
                            ),
                            background_color: None,
                            underline_color: None,
                            attributes: Attributes(
                                16,
                            ),
                        },
                    },
                ),
            },
            "status_error": SkinEntry {
                focused: CompoundStyle {
                    object_style: ContentStyle {
                        foreground_color: Some(
                            Rgb {
                                r: 213,
                                g: 196,
                                b: 161,
                            },
                        ),
                        background_color: Some(
                            Rgb {
                                r: 204,
                                g: 36,
                                b: 29,
                            },
                        ),
                        underline_color: None,
                        attributes: Attributes(
                            0,
                        ),
                    },
                },
                unfocused: None,
            },
            "hex_ascii_whitespace": SkinEntry {
                focused: CompoundStyle {
                    object_style: ContentStyle {
                        foreground_color: Some(
                            Rgb {
                                r: 152,
                                g: 151,
                                b: 26,
                            },
                        ),
                        background_color: None,
                        underline_color: None,
                        attributes: Attributes(
                            0,
                        ),
                    },
                },
                unfocused: None,
            },
            "perm_x": SkinEntry {
                focused: CompoundStyle {
                    object_style: ContentStyle {
                        foreground_color: Some(
                            Rgb {
                                r: 152,
                                g: 151,
                                b: 26,
                            },
                        ),
                        background_color: None,
                        underline_color: None,
                        attributes: Attributes(
                            0,
                        ),
                    },
                },
                unfocused: None,
            },
            "scrollbar_track": SkinEntry {
                focused: CompoundStyle {
                    object_style: ContentStyle {
                        foreground_color: Some(
                            Rgb {
                                r: 80,
                                g: 73,
                                b: 69,
                            },
                        ),
                        background_color: None,
                        underline_color: None,
                        attributes: Attributes(
                            0,
                        ),
                    },
                },
                unfocused: Some(
                    CompoundStyle {
                        object_style: ContentStyle {
                            foreground_color: Some(
                                Rgb {
                                    r: 50,
                                    g: 48,
                                    b: 47,
                                },
                            ),
                            background_color: None,
                            underline_color: None,
                            attributes: Attributes(
                                0,
                            ),
                        },
                    },
                ),
            },
            "help_bold": SkinEntry {
                focused: CompoundStyle {
                    object_style: ContentStyle {
                        foreground_color: Some(
                            Rgb {
                                r: 214,
                                g: 93,
                                b: 14,
                            },
                        ),
                        background_color: None,
                        underline_color: None,
                        attributes: Attributes(
                            4,
                        ),
                    },
                },
                unfocused: None,
            },
            "sparse": SkinEntry {
                focused: CompoundStyle {
                    object_style: ContentStyle {
                        foreground_color: Some(
                            Rgb {
                                r: 250,
                                g: 189,
                                b: 47,
                            },
                        ),
                        background_color: None,
                        underline_color: None,
                        attributes: Attributes(
                            0,
                        ),
                    },
                },
                unfocused: None,
            },
            "help_table_border": SkinEntry {
                focused: CompoundStyle {
                    object_style: ContentStyle {
                        foreground_color: Some(
                            Rgb {
                                r: 80,
                                g: 73,
                                b: 69,
                            },
                        ),
                        background_color: None,
                        underline_color: None,
                        attributes: Attributes(
                            0,
                        ),
                    },
                },
                unfocused: None,
            },
            "status_job": SkinEntry {
                focused: CompoundStyle {
                    object_style: ContentStyle {
                        foreground_color: Some(
                            Rgb {
                                r: 250,
                                g: 189,
                                b: 47,
                            },
                        ),
                        background_color: Some(
                            Rgb {
                                r: 60,
                                g: 56,
                                b: 54,
                            },
                        ),
                        underline_color: None,
                        attributes: Attributes(
                            0,
                        ),
                    },
                },
                unfocused: None,
            },
            "pruning": SkinEntry {
                focused: CompoundStyle {
                    object_style: ContentStyle {
                        foreground_color: Some(
                            Rgb {
                                r: 124,
                                g: 111,
                                b: 100,
                            },
                        ),
                        background_color: None,
                        underline_color: None,
                        attributes: Attributes(
                            16,
                        ),
                    },
                },
                unfocused: None,
            },
            "git_status_conflicted": SkinEntry {
                focused: CompoundStyle {
                    object_style: ContentStyle {
                        foreground_color: Some(
                            Rgb {
                                r: 204,
                                g: 36,
                                b: 29,
                            },
                        ),
                        background_color: None,
                        underline_color: None,
                        attributes: Attributes(
                            0,
                        ),
                    },
                },
                unfocused: None,
            },
            "selected_line": SkinEntry {
                focused: CompoundStyle {
                    object_style: ContentStyle {
                        foreground_color: None,
                        background_color: Some(
                            Rgb {
                                r: 60,
                                g: 56,
                                b: 54,
                            },
                        ),
                        underline_color: None,
                        attributes: Attributes(
                            0,
                        ),
                    },
                },
                unfocused: Some(
                    CompoundStyle {
                        object_style: ContentStyle {
                            foreground_color: None,
                            background_color: Some(
                                Rgb {
                                    r: 50,
                                    g: 48,
                                    b: 47,
                                },
                            ),
                            underline_color: None,
                            attributes: Attributes(
                                0,
                            ),
                        },
                    },
                ),
            },
            "purpose_ellipsis": SkinEntry {
                focused: CompoundStyle {
                    object_style: ContentStyle {
                        foreground_color: None,
                        background_color: None,
                        underline_color: None,
                        attributes: Attributes(
                            0,
                        ),
                    },
                },
                unfocused: None,
            },
            "flag_value": SkinEntry {
                focused: CompoundStyle {
                    object_style: ContentStyle {
                        foreground_color: Some(
                            Rgb {
                                r: 211,
                                g: 134,
                                b: 155,
                            },
                        ),
                        background_color: None,
                        underline_color: None,
                        attributes: Attributes(
                            4,
                        ),
                    },
                },
                unfocused: None,
            },
        },
    ),
    special_paths: {
        GlobConf {
            pattern: "/media",
        }: Detailed(
            SpecialHandling {
                show: Default,
                list: Never,
                sum: Never,
            },
        ),
        GlobConf {
            pattern: "~/.config",
        }: Detailed(
            SpecialHandling {
                show: Always,
                list: Default,
                sum: Default,
            },
        ),
        GlobConf {
            pattern: "trav",
        }: Detailed(
            SpecialHandling {
                show: Always,
                list: Always,
                sum: Never,
            },
        ),
    },
    syntax_theme: None,
    terminal_title: None,
    reset_terminal_title_on_exit: None,
    true_colors: Some(
        true,
    ),
    update_work_dir: None,
    verbs: [
        VerbConf {
            invocation: Some(
                "edit",
            ),
            internal: None,
            external: None,
            execution: Some(
                String(
                    "$EDITOR {file}",
                ),
            ),
            cmd: None,
            cmd_separator: None,
            key: Some(
                "ctrl-e",
            ),
            keys: [],
            extensions: [],
            shortcut: Some(
                "e",
            ),
            leave_broot: Some(
                false,
            ),
            from_shell: None,
            apply_to: TextFile,
            set_working_dir: None,
            working_dir: None,
            description: None,
            auto_exec: None,
            switch_terminal: None,
            panels: [],
            refresh_after: None,
        },
        VerbConf {
            invocation: Some(
                "t {new_file}",
            ),
            internal: None,
            external: None,
            execution: Some(
                String(
                    "touch {directory}/{new_file}",
                ),
            ),
            cmd: None,
            cmd_separator: None,
            key: Some(
                "ctrl-t",
            ),
            keys: [],
            extensions: [],
            shortcut: None,
            leave_broot: Some(
                false,
            ),
            from_shell: None,
            apply_to: Any,
            set_working_dir: None,
            working_dir: None,
            description: None,
            auto_exec: None,
            switch_terminal: None,
            panels: [],
            refresh_after: None,
        },
        VerbConf {
            invocation: Some(
                "create {subpath}",
            ),
            internal: None,
            external: None,
            execution: Some(
                String(
                    "$EDITOR {directory}/{subpath}",
                ),
            ),
            cmd: None,
            cmd_separator: None,
            key: None,
            keys: [],
            extensions: [],
            shortcut: None,
            leave_broot: Some(
                false,
            ),
            from_shell: None,
            apply_to: Any,
            set_working_dir: None,
            working_dir: None,
            description: None,
            auto_exec: None,
            switch_terminal: None,
            panels: [],
            refresh_after: None,
        },
        VerbConf {
            invocation: Some(
                "git_diff",
            ),
            internal: None,
            external: None,
            execution: Some(
                String(
                    "git difftool -y {file}",
                ),
            ),
            cmd: None,
            cmd_separator: None,
            key: None,
            keys: [],
            extensions: [],
            shortcut: Some(
                "gd",
            ),
            leave_broot: Some(
                false,
            ),
            from_shell: None,
            apply_to: Any,
            set_working_dir: None,
            working_dir: None,
            description: None,
            auto_exec: None,
            switch_terminal: None,
            panels: [],
            refresh_after: None,
        },
        VerbConf {
            invocation: Some(
                "backup {version}",
            ),
            internal: None,
            external: None,
            execution: Some(
                String(
                    "cp -r {file} {parent}/{file-stem}-{version}{file-dot-extension}",
                ),
            ),
            cmd: None,
            cmd_separator: None,
            key: Some(
                "ctrl-b",
            ),
            keys: [],
            extensions: [],
            shortcut: None,
            leave_broot: Some(
                false,
            ),
            from_shell: None,
            apply_to: Any,
            set_working_dir: None,
            working_dir: None,
            description: None,
            auto_exec: Some(
                false,
            ),
            switch_terminal: None,
            panels: [],
            refresh_after: None,
        },
        VerbConf {
            invocation: Some(
                "rm",
            ),
            internal: Some(
                "trash",
            ),
            external: None,
            execution: None,
            cmd: None,
            cmd_separator: None,
            key: None,
            keys: [],
            extensions: [],
            shortcut: None,
            leave_broot: Some(
                false,
            ),
            from_shell: None,
            apply_to: Any,
            set_working_dir: None,
            working_dir: None,
            description: None,
            auto_exec: None,
            switch_terminal: None,
            panels: [],
            refresh_after: None,
        },
        VerbConf {
            invocation: Some(
                "terminal",
            ),
            internal: None,
            external: None,
            execution: Some(
                String(
                    "$SHELL",
                ),
            ),
            cmd: None,
            cmd_separator: None,
            key: Some(
                "ctrl-t",
            ),
            keys: [],
            extensions: [],
            shortcut: None,
            leave_broot: Some(
                false,
            ),
            from_shell: None,
            apply_to: Any,
            set_working_dir: Some(
                true,
            ),
            working_dir: None,
            description: None,
            auto_exec: None,
            switch_terminal: None,
            panels: [],
            refresh_after: None,
        },
        VerbConf {
            invocation: None,
            internal: None,
            external: None,
            execution: Some(
                String(
                    ":line_up",
                ),
            ),
            cmd: None,
            cmd_separator: None,
            key: Some(
                "ctrl-k",
            ),
            keys: [],
            extensions: [],
            shortcut: None,
            leave_broot: None,
            from_shell: None,
            apply_to: Any,
            set_working_dir: None,
            working_dir: None,
            description: None,
            auto_exec: None,
            switch_terminal: None,
            panels: [],
            refresh_after: None,
        },
        VerbConf {
            invocation: None,
            internal: None,
            external: None,
            execution: Some(
                String(
                    ":line_down",
                ),
            ),
            cmd: None,
            cmd_separator: None,
            key: Some(
                "ctrl-j",
            ),
            keys: [],
            extensions: [],
            shortcut: None,
            leave_broot: None,
            from_shell: None,
            apply_to: Any,
            set_working_dir: None,
            working_dir: None,
            description: None,
            auto_exec: None,
            switch_terminal: None,
            panels: [],
            refresh_after: None,
        },
        VerbConf {
            invocation: None,
            internal: None,
            external: None,
            execution: Some(
                String(
                    ":select_first",
                ),
            ),
            cmd: None,
            cmd_separator: None,
            key: Some(
                "ctrl-u",
            ),
            keys: [],
            extensions: [],
            shortcut: None,
            leave_broot: None,
            from_shell: None,
            apply_to: Any,
            set_working_dir: None,
            working_dir: None,
            description: None,
            auto_exec: None,
            switch_terminal: None,
            panels: [],
            refresh_after: None,
        },
        VerbConf {
            invocation: None,
            internal: None,
            external: None,
            execution: Some(
                String(
                    ":select_last",
                ),
            ),
            cmd: None,
            cmd_separator: None,
            key: Some(
                "ctrl-d",
            ),
            keys: [],
            extensions: [],
            shortcut: None,
            leave_broot: None,
            from_shell: None,
            apply_to: Any,
            set_working_dir: None,
            working_dir: None,
            description: None,
            auto_exec: None,
            switch_terminal: None,
            panels: [],
            refresh_after: None,
        },
        VerbConf {
            invocation: None,
            internal: None,
            external: None,
            execution: Some(
                String(
                    ":panel_left_no_open",
                ),
            ),
            cmd: None,
            cmd_separator: None,
            key: Some(
                "ctrl-h",
            ),
            keys: [],
            extensions: [],
            shortcut: None,
            leave_broot: None,
            from_shell: None,
            apply_to: Any,
            set_working_dir: None,
            working_dir: None,
            description: None,
            auto_exec: None,
            switch_terminal: None,
            panels: [],
            refresh_after: None,
        },
        VerbConf {
            invocation: None,
            internal: None,
            external: None,
            execution: Some(
                String(
                    ":panel_right",
                ),
            ),
            cmd: None,
            cmd_separator: None,
            key: Some(
                "ctrl-l",
            ),
            keys: [],
            extensions: [],
            shortcut: None,
            leave_broot: None,
            from_shell: None,
            apply_to: Any,
            set_working_dir: None,
            working_dir: None,
            description: None,
            auto_exec: None,
            switch_terminal: None,
            panels: [],
            refresh_after: None,
        },
        VerbConf {
            invocation: Some(
                "toggle_stage",
            ),
            internal: Some(
                ":open_staging_area",
            ),
            external: None,
            execution: None,
            cmd: None,
            cmd_separator: None,
            key: Some(
                "ctrl-o",
            ),
            keys: [],
            extensions: [],
            shortcut: None,
            leave_broot: None,
            from_shell: None,
            apply_to: Any,
            set_working_dir: None,
            working_dir: None,
            description: None,
            auto_exec: None,
            switch_terminal: None,
            panels: [],
            refresh_after: None,
        },
        VerbConf {
            invocation: Some(
                "mv {new_filename}",
            ),
            internal: None,
            external: None,
            execution: Some(
                String(
                    "mv {file} {parent}/{new_filename}",
                ),
            ),
            cmd: None,
            cmd_separator: None,
            key: None,
            keys: [],
            extensions: [],
            shortcut: None,
            leave_broot: Some(
                false,
            ),
            from_shell: None,
            apply_to: Any,
            set_working_dir: None,
            working_dir: None,
            description: None,
            auto_exec: None,
            switch_terminal: None,
            panels: [],
            refresh_after: None,
        },
        VerbConf {
            invocation: Some(
                "ds {new_filename}",
            ),
            internal: None,
            external: None,
            execution: Some(
                String(
                    "rg --files --max-depth 4 --glob 'nevermind'",
                ),
            ),
            cmd: None,
            cmd_separator: None,
            key: None,
            keys: [],
            extensions: [],
            shortcut: None,
            leave_broot: Some(
                true,
            ),
            from_shell: None,
            apply_to: Any,
            set_working_dir: None,
            working_dir: None,
            description: None,
            auto_exec: None,
            switch_terminal: None,
            panels: [],
            refresh_after: None,
        },
        VerbConf {
            invocation: Some(
                "toggle_depth {integer}",
            ),
            internal: Some(
                ":set_max_depth {integer}",
            ),
            external: None,
            execution: None,
            cmd: None,
            cmd_separator: None,
            key: None,
            keys: [],
            extensions: [],
            shortcut: Some(
                "td",
            ),
            leave_broot: Some(
                false,
            ),
            from_shell: None,
            apply_to: Any,
            set_working_dir: None,
            working_dir: None,
            description: None,
            auto_exec: None,
            switch_terminal: None,
            panels: [],
            refresh_after: None,
        },
    ],
    layout_instructions: None,
}
23:43:15.679 [DEBUG] broot::tree_build::builder: Ignorer::default() took 40ns
23:43:15.688 [DEBUG] broot::tree_build::builder: blines before trimming: 11
23:43:15.791 [DEBUG] broot::app::app: Clipboard backend: "X11"
23:43:15.791 [INFO] broot::app::app: event source is combining: false
23:43:15.792 [DEBUG] broot::app::app: display panel took 104.921µs
23:43:15.792 [DEBUG] broot::kitty::detect_support: is_tmux ?
23:43:15.792 [DEBUG] broot::kitty::detect_support: $TERM = "xterm-256color"
23:43:15.792 [DEBUG] broot::kitty::detect_support: $TERMINAL = "kitty"
23:43:15.792 [DEBUG] broot::app::app: pending_tasks took 286ns
23:43:16.518 [DEBUG] broot::app::app: key combination: Ctrl-j
23:43:16.518 [DEBUG] broot::command::panel_input: verb for key: :line_down
23:43:16.518 [DEBUG] broot::app::app: command after add_event: VerbTrigger { verb_id: 8, input_invocation: None }
23:43:16.518 [DEBUG] broot::browser::browser_state: browser_state on_internal InternalExecution { internal: line_down, bang: false, arg: None }
23:43:16.518 [INFO] broot::app::app: cmd_result: Keep
23:43:16.518 [DEBUG] broot::app::app: display panel took 121.865µs
23:43:16.518 [DEBUG] broot::kitty::detect_support: is_tmux ?
23:43:16.518 [DEBUG] broot::kitty::detect_support: $TERM = "xterm-256color"
23:43:16.518 [DEBUG] broot::kitty::detect_support: $TERMINAL = "kitty"
23:43:16.518 [DEBUG] broot::app::app: pending_tasks took 391ns
23:43:16.685 [DEBUG] broot::app::app: key combination: Ctrl-j
23:43:16.686 [DEBUG] broot::command::panel_input: verb for key: :line_down
23:43:16.686 [DEBUG] broot::app::app: command after add_event: VerbTrigger { verb_id: 8, input_invocation: None }
23:43:16.686 [DEBUG] broot::browser::browser_state: browser_state on_internal InternalExecution { internal: line_down, bang: false, arg: None }
23:43:16.686 [INFO] broot::app::app: cmd_result: Keep
23:43:16.686 [DEBUG] broot::app::app: display panel took 158.654µs
23:43:16.686 [DEBUG] broot::kitty::detect_support: is_tmux ?
23:43:16.686 [DEBUG] broot::kitty::detect_support: $TERM = "xterm-256color"
23:43:16.686 [DEBUG] broot::kitty::detect_support: $TERMINAL = "kitty"
23:43:16.686 [DEBUG] broot::app::app: pending_tasks took 384ns
23:43:16.835 [DEBUG] broot::app::app: key combination: Ctrl-j
23:43:16.836 [DEBUG] broot::command::panel_input: verb for key: :line_down
23:43:16.836 [DEBUG] broot::app::app: command after add_event: VerbTrigger { verb_id: 8, input_invocation: None }
23:43:16.836 [DEBUG] broot::browser::browser_state: browser_state on_internal InternalExecution { internal: line_down, bang: false, arg: None }
23:43:16.836 [INFO] broot::app::app: cmd_result: Keep
23:43:16.836 [DEBUG] broot::app::app: display panel took 139.882µs
23:43:16.836 [DEBUG] broot::kitty::detect_support: is_tmux ?
23:43:16.836 [DEBUG] broot::kitty::detect_support: $TERM = "xterm-256color"
23:43:16.836 [DEBUG] broot::kitty::detect_support: $TERMINAL = "kitty"
23:43:16.836 [DEBUG] broot::app::app: pending_tasks took 280ns
23:43:16.994 [DEBUG] broot::app::app: key combination: Ctrl-j
23:43:16.994 [DEBUG] broot::command::panel_input: verb for key: :line_down
23:43:16.994 [DEBUG] broot::app::app: command after add_event: VerbTrigger { verb_id: 8, input_invocation: None }
23:43:16.994 [DEBUG] broot::browser::browser_state: browser_state on_internal InternalExecution { internal: line_down, bang: false, arg: None }
23:43:16.994 [INFO] broot::app::app: cmd_result: Keep
23:43:16.994 [DEBUG] broot::app::app: display panel took 136.5µs
23:43:16.994 [DEBUG] broot::kitty::detect_support: is_tmux ?
23:43:16.994 [DEBUG] broot::kitty::detect_support: $TERM = "xterm-256color"
23:43:16.994 [DEBUG] broot::kitty::detect_support: $TERMINAL = "kitty"
23:43:16.994 [DEBUG] broot::app::app: pending_tasks took 349ns
23:43:17.307 [DEBUG] broot::app::app: key combination: Ctrl-k
23:43:17.307 [DEBUG] broot::command::panel_input: verb for key: :line_up
23:43:17.307 [DEBUG] broot::app::app: command after add_event: VerbTrigger { verb_id: 7, input_invocation: None }
23:43:17.307 [DEBUG] broot::browser::browser_state: browser_state on_internal InternalExecution { internal: line_up, bang: false, arg: None }
23:43:17.307 [INFO] broot::app::app: cmd_result: Keep
23:43:17.307 [DEBUG] broot::app::app: display panel took 100.952µs
23:43:17.307 [DEBUG] broot::kitty::detect_support: is_tmux ?
23:43:17.307 [DEBUG] broot::kitty::detect_support: $TERM = "xterm-256color"
23:43:17.307 [DEBUG] broot::kitty::detect_support: $TERMINAL = "kitty"
23:43:17.307 [DEBUG] broot::app::app: pending_tasks took 312ns
23:43:17.858 [DEBUG] broot::app::app: key combination: Ctrl-j
23:43:17.858 [DEBUG] broot::command::panel_input: verb for key: :line_down
23:43:17.858 [DEBUG] broot::app::app: command after add_event: VerbTrigger { verb_id: 8, input_invocation: None }
23:43:17.858 [DEBUG] broot::browser::browser_state: browser_state on_internal InternalExecution { internal: line_down, bang: false, arg: None }
23:43:17.858 [INFO] broot::app::app: cmd_result: Keep
23:43:17.858 [DEBUG] broot::app::app: display panel took 97.091µs
23:43:17.858 [DEBUG] broot::kitty::detect_support: is_tmux ?
23:43:17.858 [DEBUG] broot::kitty::detect_support: $TERM = "xterm-256color"
23:43:17.858 [DEBUG] broot::kitty::detect_support: $TERMINAL = "kitty"
23:43:17.858 [DEBUG] broot::app::app: pending_tasks took 309ns
23:43:18.034 [DEBUG] broot::app::app: key combination: Ctrl-j
23:43:18.034 [DEBUG] broot::command::panel_input: verb for key: :line_down
23:43:18.034 [DEBUG] broot::app::app: command after add_event: VerbTrigger { verb_id: 8, input_invocation: None }
23:43:18.034 [DEBUG] broot::browser::browser_state: browser_state on_internal InternalExecution { internal: line_down, bang: false, arg: None }
23:43:18.034 [INFO] broot::app::app: cmd_result: Keep
23:43:18.035 [DEBUG] broot::app::app: display panel took 103.572µs
23:43:18.035 [DEBUG] broot::kitty::detect_support: is_tmux ?
23:43:18.035 [DEBUG] broot::kitty::detect_support: $TERM = "xterm-256color"
23:43:18.035 [DEBUG] broot::kitty::detect_support: $TERMINAL = "kitty"
23:43:18.035 [DEBUG] broot::app::app: pending_tasks took 383ns
23:43:18.226 [DEBUG] broot::app::app: key combination: Ctrl-j
23:43:18.226 [DEBUG] broot::command::panel_input: verb for key: :line_down
23:43:18.226 [DEBUG] broot::app::app: command after add_event: VerbTrigger { verb_id: 8, input_invocation: None }
23:43:18.226 [DEBUG] broot::browser::browser_state: browser_state on_internal InternalExecution { internal: line_down, bang: false, arg: None }
23:43:18.226 [INFO] broot::app::app: cmd_result: Keep
23:43:18.227 [DEBUG] broot::app::app: display panel took 114.65µs
23:43:18.227 [DEBUG] broot::kitty::detect_support: is_tmux ?
23:43:18.227 [DEBUG] broot::kitty::detect_support: $TERM = "xterm-256color"
23:43:18.227 [DEBUG] broot::kitty::detect_support: $TERMINAL = "kitty"
23:43:18.227 [DEBUG] broot::app::app: pending_tasks took 383ns
23:43:18.439 [DEBUG] broot::app::app: key combination: Ctrl-j
23:43:18.439 [DEBUG] broot::command::panel_input: verb for key: :line_down
23:43:18.439 [DEBUG] broot::app::app: command after add_event: VerbTrigger { verb_id: 8, input_invocation: None }
23:43:18.439 [DEBUG] broot::browser::browser_state: browser_state on_internal InternalExecution { internal: line_down, bang: false, arg: None }
23:43:18.439 [INFO] broot::app::app: cmd_result: Keep
23:43:18.439 [DEBUG] broot::app::app: display panel took 77.803µs
23:43:18.439 [DEBUG] broot::kitty::detect_support: is_tmux ?
23:43:18.439 [DEBUG] broot::kitty::detect_support: $TERM = "xterm-256color"
23:43:18.439 [DEBUG] broot::kitty::detect_support: $TERMINAL = "kitty"
23:43:18.439 [DEBUG] broot::app::app: pending_tasks took 324ns
23:43:18.619 [DEBUG] broot::app::app: key combination: Ctrl-j
23:43:18.619 [DEBUG] broot::command::panel_input: verb for key: :line_down
23:43:18.619 [DEBUG] broot::app::app: command after add_event: VerbTrigger { verb_id: 8, input_invocation: None }
23:43:18.619 [DEBUG] broot::browser::browser_state: browser_state on_internal InternalExecution { internal: line_down, bang: false, arg: None }
23:43:18.619 [INFO] broot::app::app: cmd_result: Keep
23:43:18.619 [DEBUG] broot::app::app: display panel took 74.555µs
23:43:18.619 [DEBUG] broot::kitty::detect_support: is_tmux ?
23:43:18.619 [DEBUG] broot::kitty::detect_support: $TERM = "xterm-256color"
23:43:18.619 [DEBUG] broot::kitty::detect_support: $TERMINAL = "kitty"
23:43:18.619 [DEBUG] broot::app::app: pending_tasks took 436ns
23:43:19.379 [DEBUG] broot::app::app: key combination: Esc
23:43:19.379 [DEBUG] broot::command::panel_input: verb for key: :escape
23:43:19.379 [DEBUG] broot::app::app: command after add_event: Internal { internal: back, input_invocation: None }
23:43:19.379 [DEBUG] broot::browser::browser_state: browser_state on_internal InternalExecution { internal: back, bang: false, arg: None }
23:43:19.379 [INFO] broot::app::app: cmd_result: Keep
23:43:19.379 [DEBUG] broot::app::app: display panel took 79.81µs
23:43:19.379 [DEBUG] broot::kitty::detect_support: is_tmux ?
23:43:19.379 [DEBUG] broot::kitty::detect_support: $TERM = "xterm-256color"
23:43:19.379 [DEBUG] broot::kitty::detect_support: $TERMINAL = "kitty"
23:43:19.379 [DEBUG] broot::app::app: pending_tasks took 419ns
23:43:19.904 [DEBUG] broot::app::app: key combination: Esc
23:43:19.904 [DEBUG] broot::command::panel_input: verb for key: :escape
23:43:19.904 [DEBUG] broot::app::app: command after add_event: Internal { internal: back, input_invocation: None }
23:43:19.904 [DEBUG] broot::browser::browser_state: browser_state on_internal InternalExecution { internal: back, bang: false, arg: None }
23:43:19.904 [INFO] broot::app::app: cmd_result: PopState
23:43:19.904 [DEBUG] broot::task_sync: dead dam
23:43:19.904 [DEBUG] broot::kitty::detect_support: is_tmux ?
23:43:19.904 [DEBUG] broot::kitty::detect_support: $TERM = "xterm-256color"
23:43:19.904 [DEBUG] broot::kitty::detect_support: $TERMINAL = "kitty"
23:43:19.904 [INFO] broot::cli: clearing resources
23:43:19.904 [INFO] broot::watcher: notify sender disconnected, stopping notify watcher thread
23:43:19.905 [INFO] cli_log::mem: Physical mem usage: current=19M, peak=238M
23:43:19.905 [INFO] broot: bye
