23:37:26.132 [INFO] cli_log::init: Starting broot v1.51.0 with log level DEBUG
23:37:26.132 [DEBUG] broot: env::args(): [
    "broot",
]
23:37:26.132 [INFO] broot::shell_install: Shell installation state: UpToDate
23:37:26.132 [DEBUG] broot::conf::conf: reading conf file: "/home/wytchfyre/.config/broot/conf.hjson"
23:37:26.132 [DEBUG] broot::conf::conf: reading conf file: "/home/wytchfyre/.config/broot/verbs.hjson"
23:37:26.133 [DEBUG] broot::display::luma: terminal_light::luma() took 1.120837ms
23:37:26.133 [INFO] broot::display::luma: terminal's luma: Ok(0.0)
23:37:26.133 [DEBUG] broot::conf::conf: reading conf file: "/home/wytchfyre/.config/broot/skins/dark-gruvbox.hjson"
23:37:26.137 [DEBUG] broot::conf::conf: skipping not applying conf file : "skins/white.hjson"
23:37:26.137 [DEBUG] broot::cli: Conf::from_default_location() took 5.079189ms
23:37:26.137 [DEBUG] broot::cli: config: Conf {
    capture_mouse: None,
    cols_order: None,
    content_search_max_file_size: Some(
        50000000000,
    ),
    date_time_format: None,
    default_flags: Some(
        "-Gh",
    ),
    disable_mouse_capture: None,
    enable_kitty_keyboard: None,
    ext_colors: {},
    file_sum_threads_count: None,
    files: [
        "/home/wytchfyre/.config/broot/conf.hjson",
        "/home/wytchfyre/.config/broot/verbs.hjson",
        "/home/wytchfyre/.config/broot/skins/dark-gruvbox.hjson",
    ],
    icon_theme: Some(
        "nerdfont",
    ),
    imports: [],
    initial_mode: None,
    kitty_graphics_transmission: Some(
        TempFile,
    ),
    kitty_graphics_display: Some(
        Unicode,
    ),
    kept_kitty_temp_files: None,
    preview_transformers: [
        PreviewTransformerConf {
            input_extensions: [
                "pdf",
            ],
            output_extension: "png",
            command: [
                "mutool",
                "draw",
                "-w",
                "1000",
                "-o",
                "{output-path}",
                "{input-path}",
            ],
            mode: Image,
        },
    ],
    lines_after_match_in_preview: Some(
        1,
    ),
    lines_before_match_in_preview: Some(
        1,
    ),
    max_panels_count: None,
    max_staged_count: None,
    modal: Some(
        false,
    ),
    quit_on_last_cancel: Some(
        true,
    ),
    search_modes: None,
    show_matching_characters_on_path_searches: None,
    show_selection_mark: Some(
        true,
    ),
    skin: Some(
        {
            "good_to_bad_6": SkinEntry {
                focused: CompoundStyle {
                    object_style: ContentStyle {
                        foreground_color: Some(
                            AnsiValue(
                                136,
                            ),
                        ),
                        background_color: None,
                        underline_color: None,
                        attributes: Attributes(
                            0,
                        ),
                    },
                },
                unfocused: None,
            },
            "group": SkinEntry {
                focused: CompoundStyle {
                    object_style: ContentStyle {
                        foreground_color: Some(
                            Rgb {
                                r: 215,
                                g: 153,
                                b: 33,
                            },
                        ),
                        background_color: None,
                        underline_color: None,
                        attributes: Attributes(
                            0,
                        ),
                    },
                },
                unfocused: None,
            },
            "file": SkinEntry {
                focused: CompoundStyle {
                    object_style: ContentStyle {
                        foreground_color: None,
                        background_color: None,
                        underline_color: None,
                        attributes: Attributes(
                            0,
                        ),
                    },
                },
                unfocused: Some(
                    CompoundStyle {
                        object_style: ContentStyle {
                            foreground_color: None,
                            background_color: None,
                            underline_color: None,
                            attributes: Attributes(
                                16,
                            ),
                        },
                    },
                ),
            },
            "count": SkinEntry {
                focused: CompoundStyle {
                    object_style: ContentStyle {
                        foreground_color: Some(
                            Rgb {
                                r: 69,
                                g: 133,
                                b: 136,
                            },
                        ),
                        background_color: Some(
                            Rgb {
                                r: 50,
                                g: 48,
                                b: 47,
                            },
                        ),
                        underline_color: None,
                        attributes: Attributes(
                            0,
                        ),
                    },
                },
                unfocused: None,
            },
            "link": SkinEntry {
                focused: CompoundStyle {
                    object_style: ContentStyle {
                        foreground_color: Some(
                            Rgb {
                                r: 104,
                                g: 157,
                                b: 106,
                            },
                        ),
                        background_color: None,
                        underline_color: None,
                        attributes: Attributes(
                            0,
                        ),
                    },
                },
                unfocused: None,
            },
            "git_deletions": SkinEntry {
                focused: CompoundStyle {
                    object_style: ContentStyle {
                        foreground_color: Some(
                            Rgb {
                                r: 190,
                                g: 15,
                                b: 23,
                            },
                        ),
                        background_color: None,
                        underline_color: None,
                        attributes: Attributes(
                            0,
                        ),
                    },
                },
                unfocused: None,
            },
            "git_branch": SkinEntry {
                focused: CompoundStyle {
                    object_style: ContentStyle {
                        foreground_color: Some(
                            Rgb {
                                r: 251,
                                g: 241,
                                b: 199,
                            },
                        ),
                        background_color: None,
                        underline_color: None,
                        attributes: Attributes(
                            0,
                        ),
                    },
                },
                unfocused: None,
            },
            "status_ellipsis": SkinEntry {
                focused: CompoundStyle {
                    object_style: ContentStyle {
                        foreground_color: Some(
                            Rgb {
                                r: 251,
                                g: 241,
                                b: 199,
                            },
                        ),
                        background_color: Some(
                            Rgb {
                                r: 40,
                                g: 38,
                                b: 37,
                            },
                        ),
                        underline_color: None,
                        attributes: Attributes(
                            4,
                        ),
                    },
                },
                unfocused: Some(
                    CompoundStyle {
                        object_style: ContentStyle {
                            foreground_color: None,
                            background_color: None,
                            underline_color: None,
                            attributes: Attributes(
                                0,
                            ),
                        },
                    },
                ),
            },
            "good_to_bad_5": SkinEntry {
                focused: CompoundStyle {
                    object_style: ContentStyle {
                        foreground_color: Some(
                            AnsiValue(
                                100,
                            ),
                        ),
                        background_color: None,
                        underline_color: None,
                        attributes: Attributes(
                            0,
                        ),
                    },
                },
                unfocused: None,
            },
            "mode_command_mark": SkinEntry {
                focused: CompoundStyle {
                    object_style: ContentStyle {
                        foreground_color: Some(
                            AnsiValue(
                                237,
                            ),
                        ),
                        background_color: Some(
                            AnsiValue(
                                204,
                            ),
                        ),
                        underline_color: None,
                        attributes: Attributes(
                            4,
                        ),
                    },
                },
                unfocused: None,
            },
            "git_status_new": SkinEntry {
                focused: CompoundStyle {
                    object_style: ContentStyle {
                        foreground_color: Some(
                            Rgb {
                                r: 104,
                                g: 187,
                                b: 38,
                            },
                        ),
                        background_color: None,
                        underline_color: None,
                        attributes: Attributes(
                            4,
                        ),
                    },
                },
                unfocused: None,
            },
            "status_bold": SkinEntry {
                focused: CompoundStyle {
                    object_style: ContentStyle {
                        foreground_color: Some(
                            Rgb {
                                r: 211,
                                g: 134,
                                b: 155,
                            },
                        ),
                        background_color: Some(
                            Rgb {
                                r: 40,
                                g: 38,
                                b: 37,
                            },
                        ),
                        underline_color: None,
                        attributes: Attributes(
                            4,
                        ),
                    },
                },
                unfocused: Some(
                    CompoundStyle {
                        object_style: ContentStyle {
                            foreground_color: None,
                            background_color: None,
                            underline_color: None,
                            attributes: Attributes(
                                0,
                            ),
                        },
                    },
                ),
            },
            "help_paragraph": SkinEntry {
                focused: CompoundStyle {
                    object_style: ContentStyle {
                        foreground_color: None,
                        background_color: None,
                        underline_color: None,
                        attributes: Attributes(
                            0,
                        ),
                    },
                },
                unfocused: None,
            },
            "hex_ascii_other": SkinEntry {
                focused: CompoundStyle {
                    object_style: ContentStyle {
                        foreground_color: Some(
                            Rgb {
                                r: 254,
                                g: 128,
                                b: 25,
                            },
                        ),
                        background_color: None,
                        underline_color: None,
                        attributes: Attributes(
                            0,
                        ),
                    },
                },
                unfocused: None,
            },
            "exe": SkinEntry {
                focused: CompoundStyle {
                    object_style: ContentStyle {
                        foreground_color: Some(
                            Rgb {
                                r: 184,
                                g: 187,
                                b: 38,
                            },
                        ),
                        background_color: None,
                        underline_color: None,
                        attributes: Attributes(
                            0,
                        ),
                    },
                },
                unfocused: None,
            },
            "preview_line_number": SkinEntry {
                focused: CompoundStyle {
                    object_style: ContentStyle {
                        foreground_color: Some(
                            Rgb {
                                r: 124,
                                g: 111,
                                b: 100,
                            },
                        ),
                        background_color: None,
                        underline_color: None,
                        attributes: Attributes(
                            0,
                        ),
                    },
                },
                unfocused: Some(
                    CompoundStyle {
                        object_style: ContentStyle {
                            foreground_color: Some(
                                Rgb {
                                    r: 124,
                                    g: 111,
                                    b: 100,
                                },
                            ),
                            background_color: Some(
                                Rgb {
                                    r: 40,
                                    g: 40,
                                    b: 40,
                                },
                            ),
                            underline_color: None,
                            attributes: Attributes(
                                0,
                            ),
                        },
                    },
                ),
            },
            "good_to_bad_1": SkinEntry {
                focused: CompoundStyle {
                    object_style: ContentStyle {
                        foreground_color: Some(
                            AnsiValue(
                                29,
                            ),
                        ),
                        background_color: None,
                        underline_color: None,
                        attributes: Attributes(
                            0,
                        ),
                    },
                },
                unfocused: None,
            },
            "status_italic": SkinEntry {
                focused: CompoundStyle {
                    object_style: ContentStyle {
                        foreground_color: Some(
                            Rgb {
                                r: 211,
                                g: 134,
                                b: 155,
                            },
                        ),
                        background_color: Some(
                            Rgb {
                                r: 40,
                                g: 38,
                                b: 37,
                            },
                        ),
                        underline_color: None,
                        attributes: Attributes(
                            16,
                        ),
                    },
                },
                unfocused: Some(
                    CompoundStyle {
                        object_style: ContentStyle {
                            foreground_color: None,
                            background_color: None,
                            underline_color: None,
                            attributes: Attributes(
                                0,
                            ),
                        },
                    },
                ),
            },
            "perm_w": SkinEntry {
                focused: CompoundStyle {
                    object_style: ContentStyle {
                        foreground_color: Some(
                            Rgb {
                                r: 204,
                                g: 36,
                                b: 29,
                            },
                        ),
                        background_color: None,
                        underline_color: None,
                        attributes: Attributes(
                            0,
                        ),
                    },
                },
                unfocused: None,
            },
            "good_to_bad_3": SkinEntry {
                focused: CompoundStyle {
                    object_style: ContentStyle {
                        foreground_color: Some(
                            AnsiValue(
                                29,
                            ),
                        ),
                        background_color: None,
                        underline_color: None,
                        attributes: Attributes(
                            0,
                        ),
                    },
                },
                unfocused: None,
            },
            "hex_non_ascii": SkinEntry {
                focused: CompoundStyle {
                    object_style: ContentStyle {
                        foreground_color: Some(
                            Rgb {
                                r: 214,
                                g: 93,
                                b: 14,
                            },
                        ),
                        background_color: None,
                        underline_color: None,
                        attributes: Attributes(
                            0,
                        ),
                    },
                },
                unfocused: None,
            },
            "status_normal": SkinEntry {
                focused: CompoundStyle {
                    object_style: ContentStyle {
                        foreground_color: None,
                        background_color: Some(
                            Rgb {
                                r: 40,
                                g: 38,
                                b: 37,
                            },
                        ),
                        underline_color: None,
                        attributes: Attributes(
                            0,
                        ),
                    },
                },
                unfocused: Some(
                    CompoundStyle {
                        object_style: ContentStyle {
                            foreground_color: None,
                            background_color: None,
                            underline_color: None,
                            attributes: Attributes(
                                0,
                            ),
                        },
                    },
                ),
            },
            "good_to_bad_8": SkinEntry {
                focused: CompoundStyle {
                    object_style: ContentStyle {
                        foreground_color: Some(
                            AnsiValue(
                                166,
                            ),
                        ),
                        background_color: None,
                        underline_color: None,
                        attributes: Attributes(
                            0,
                        ),
                    },
                },
                unfocused: None,
            },
            "purpose_italic": SkinEntry {
                focused: CompoundStyle {
                    object_style: ContentStyle {
                        foreground_color: Some(
                            Rgb {
                                r: 177,
                                g: 98,
                                b: 134,
                            },
                        ),
                        background_color: None,
                        underline_color: None,
                        attributes: Attributes(
                            16,
                        ),
                    },
                },
                unfocused: None,
            },
            "hex_ascii_graphic": SkinEntry {
                focused: CompoundStyle {
                    object_style: ContentStyle {
                        foreground_color: Some(
                            Rgb {
                                r: 213,
                                g: 196,
                                b: 161,
                            },
                        ),
                        background_color: None,
                        underline_color: None,
                        attributes: Attributes(
                            0,
                        ),
                    },
                },
                unfocused: None,
            },
            "perm__": SkinEntry {
                focused: CompoundStyle {
                    object_style: ContentStyle {
                        foreground_color: None,
                        background_color: None,
                        underline_color: None,
                        attributes: Attributes(
                            0,
                        ),
                    },
                },
                unfocused: None,
            },
            "default": SkinEntry {
                focused: CompoundStyle {
                    object_style: ContentStyle {
                        foreground_color: Some(
                            Rgb {
                                r: 235,
                                g: 219,
                                b: 178,
                            },
                        ),
                        background_color: None,
                        underline_color: None,
                        attributes: Attributes(
                            0,
                        ),
                    },
                },
                unfocused: Some(
                    CompoundStyle {
                        object_style: ContentStyle {
                            foreground_color: Some(
                                Rgb {
                                    r: 189,
                                    g: 174,
                                    b: 147,
                                },
                            ),
                            background_color: None,
                            underline_color: None,
                            attributes: Attributes(
                                0,
                            ),
                        },
                    },
                ),
            },
            "good_to_bad_2": SkinEntry {
                focused: CompoundStyle {
                    object_style: ContentStyle {
                        foreground_color: Some(
                            AnsiValue(
                                29,
                            ),
                        ),
                        background_color: None,
                        underline_color: None,
                        attributes: Attributes(
                            0,
                        ),
                    },
                },
                unfocused: None,
            },
            "scrollbar_thumb": SkinEntry {
                focused: CompoundStyle {
                    object_style: ContentStyle {
                        foreground_color: Some(
                            Rgb {
                                r: 213,
                                g: 196,
                                b: 161,
                            },
                        ),
                        background_color: None,
                        underline_color: None,
                        attributes: Attributes(
                            0,
                        ),
                    },
                },
                unfocused: Some(
                    CompoundStyle {
                        object_style: ContentStyle {
                            foreground_color: Some(
                                Rgb {
                                    r: 102,
                                    g: 92,
                                    b: 84,
                                },
                            ),
                            background_color: None,
                            underline_color: None,
                            attributes: Attributes(
                                0,
                            ),
                        },
                    },
                ),
            },
            "git_status_modified": SkinEntry {
                focused: CompoundStyle {
                    object_style: ContentStyle {
                        foreground_color: Some(
                            Rgb {
                                r: 152,
                                g: 151,
                                b: 26,
                            },
                        ),
                        background_color: None,
                        underline_color: None,
                        attributes: Attributes(
                            0,
                        ),
                    },
                },
                unfocused: None,
            },
            "parent": SkinEntry {
                focused: CompoundStyle {
                    object_style: ContentStyle {
                        foreground_color: Some(
                            Rgb {
                                r: 235,
                                g: 219,
                                b: 178,
                            },
                        ),
                        background_color: None,
                        underline_color: None,
                        attributes: Attributes(
                            0,
                        ),
                    },
                },
                unfocused: Some(
                    CompoundStyle {
                        object_style: ContentStyle {
                            foreground_color: Some(
                                Rgb {
                                    r: 189,
                                    g: 174,
                                    b: 147,
                                },
                            ),
                            background_color: None,
                            underline_color: None,
                            attributes: Attributes(
                                16,
                            ),
                        },
                    },
                ),
            },
            "help_code": SkinEntry {
                focused: CompoundStyle {
                    object_style: ContentStyle {
                        foreground_color: Some(
                            Rgb {
                                r: 142,
                                g: 192,
                                b: 124,
                            },
                        ),
                        background_color: Some(
                            Rgb {
                                r: 50,
                                g: 48,
                                b: 47,
                            },
                        ),
                        underline_color: None,
                        attributes: Attributes(
                            0,
                        ),
                    },
                },
                unfocused: None,
            },
            "content_extract": SkinEntry {
                focused: CompoundStyle {
                    object_style: ContentStyle {
                        foreground_color: Some(
                            AnsiValue(
                                29,
                            ),
                        ),
                        background_color: None,
                        underline_color: None,
                        attributes: Attributes(
                            16,
                        ),
                    },
                },
                unfocused: None,
            },
            "tree": SkinEntry {
                focused: CompoundStyle {
                    object_style: ContentStyle {
                        foreground_color: Some(
                            Rgb {
                                r: 70,
                                g: 70,
                                b: 80,
                            },
                        ),
                        background_color: None,
                        underline_color: None,
                        attributes: Attributes(
                            0,
                        ),
                    },
                },
                unfocused: Some(
                    CompoundStyle {
                        object_style: ContentStyle {
                            foreground_color: Some(
                                Rgb {
                                    r: 60,
                                    g: 60,
                                    b: 60,
                                },
                            ),
                            background_color: None,
                            underline_color: None,
                            attributes: Attributes(
                                0,
                            ),
                        },
                    },
                ),
            },
            "char_match": SkinEntry {
                focused: CompoundStyle {
                    object_style: ContentStyle {
                        foreground_color: Some(
                            Rgb {
                                r: 250,
                                g: 189,
                                b: 47,
                            },
                        ),
                        background_color: None,
                        underline_color: None,
                        attributes: Attributes(
                            0,
                        ),
                    },
                },
                unfocused: None,
            },
            "owner": SkinEntry {
                focused: CompoundStyle {
                    object_style: ContentStyle {
                        foreground_color: Some(
                            Rgb {
                                r: 215,
                                g: 153,
                                b: 33,
                            },
                        ),
                        background_color: None,
                        underline_color: None,
                        attributes: Attributes(
                            4,
                        ),
                    },
                },
                unfocused: None,
            },
            "help_italic": SkinEntry {
                focused: CompoundStyle {
                    object_style: ContentStyle {
                        foreground_color: Some(
                            Rgb {
                                r: 211,
                                g: 134,
                                b: 155,
                            },
                        ),
                        background_color: None,
                        underline_color: None,
                        attributes: Attributes(
                            16,
                        ),
                    },
                },
                unfocused: None,
            },
            "hex_null": SkinEntry {
                focused: CompoundStyle {
                    object_style: ContentStyle {
                        foreground_color: Some(
                            Rgb {
                                r: 189,
                                g: 174,
                                b: 147,
                            },
                        ),
                        background_color: None,
                        underline_color: None,
                        attributes: Attributes(
                            0,
                        ),
                    },
                },
                unfocused: None,
            },
            "good_to_bad_4": SkinEntry {
                focused: CompoundStyle {
                    object_style: ContentStyle {
                        foreground_color: Some(
                            AnsiValue(
                                29,
                            ),
                        ),
                        background_color: None,
                        underline_color: None,
                        attributes: Attributes(
                            0,
                        ),
                    },
                },
                unfocused: None,
            },
            "file_error": SkinEntry {
                focused: CompoundStyle {
                    object_style: ContentStyle {
                        foreground_color: Some(
                            Rgb {
                                r: 251,
                                g: 73,
                                b: 52,
                            },
                        ),
                        background_color: None,
                        underline_color: None,
                        attributes: Attributes(
                            0,
                        ),
                    },
                },
                unfocused: None,
            },
            "purpose_normal": SkinEntry {
                focused: CompoundStyle {
                    object_style: ContentStyle {
                        foreground_color: None,
                        background_color: None,
                        underline_color: None,
                        attributes: Attributes(
                            0,
                        ),
                    },
                },
                unfocused: None,
            },
            "dates": SkinEntry {
                focused: CompoundStyle {
                    object_style: ContentStyle {
                        foreground_color: Some(
                            Rgb {
                                r: 168,
                                g: 153,
                                b: 132,
                            },
                        ),
                        background_color: None,
                        underline_color: None,
                        attributes: Attributes(
                            0,
                        ),
                    },
                },
                unfocused: None,
            },
            "preview": SkinEntry {
                focused: CompoundStyle {
                    object_style: ContentStyle {
                        foreground_color: Some(
                            Rgb {
                                r: 235,
                                g: 219,
                                b: 178,
                            },
                        ),
                        background_color: Some(
                            Rgb {
                                r: 40,
                                g: 40,
                                b: 40,
                            },
                        ),
                        underline_color: None,
                        attributes: Attributes(
                            0,
                        ),
                    },
                },
                unfocused: Some(
                    CompoundStyle {
                        object_style: ContentStyle {
                            foreground_color: Some(
                                Rgb {
                                    r: 235,
                                    g: 219,
                                    b: 178,
                                },
                            ),
                            background_color: Some(
                                Rgb {
                                    r: 40,
                                    g: 40,
                                    b: 40,
                                },
                            ),
                            underline_color: None,
                            attributes: Attributes(
                                0,
                            ),
                        },
                    },
                ),
            },
            "directory": SkinEntry {
                focused: CompoundStyle {
                    object_style: ContentStyle {
                        foreground_color: Some(
                            Rgb {
                                r: 255,
                                g: 96,
                                b: 0,
                            },
                        ),
                        background_color: None,
                        underline_color: None,
                        attributes: Attributes(
                            4,
                        ),
                    },
                },
                unfocused: Some(
                    CompoundStyle {
                        object_style: ContentStyle {
                            foreground_color: Some(
                                Rgb {
                                    r: 255,
                                    g: 96,
                                    b: 0,
                                },
                            ),
                            background_color: None,
                            underline_color: None,
                            attributes: Attributes(
                                0,
                            ),
                        },
                    },
                ),
            },
            "help_headers": SkinEntry {
                focused: CompoundStyle {
                    object_style: ContentStyle {
                        foreground_color: Some(
                            Rgb {
                                r: 254,
                                g: 128,
                                b: 25,
                            },
                        ),
                        background_color: None,
                        underline_color: None,
                        attributes: Attributes(
                            4,
                        ),
                    },
                },
                unfocused: None,
            },
            "content_match": SkinEntry {
                focused: CompoundStyle {
                    object_style: ContentStyle {
                        foreground_color: Some(
                            AnsiValue(
                                34,
                            ),
                        ),
                        background_color: None,
                        underline_color: None,
                        attributes: Attributes(
                            4,
                        ),
                    },
                },
                unfocused: None,
            },
            "purpose_bold": SkinEntry {
                focused: CompoundStyle {
                    object_style: ContentStyle {
                        foreground_color: Some(
                            Rgb {
                                r: 177,
                                g: 98,
                                b: 134,
                            },
                        ),
                        background_color: None,
                        underline_color: None,
                        attributes: Attributes(
                            4,
                        ),
                    },
                },
                unfocused: None,
            },
            "good_to_bad_0": SkinEntry {
                focused: CompoundStyle {
                    object_style: ContentStyle {
                        foreground_color: Some(
                            AnsiValue(
                                28,
                            ),
                        ),
                        background_color: None,
                        underline_color: None,
                        attributes: Attributes(
                            0,
                        ),
                    },
                },
                unfocused: None,
            },
            "git_insertions": SkinEntry {
                focused: CompoundStyle {
                    object_style: ContentStyle {
                        foreground_color: Some(
                            Rgb {
                                r: 152,
                                g: 151,
                                b: 26,
                            },
                        ),
                        background_color: None,
                        underline_color: None,
                        attributes: Attributes(
                            0,
                        ),
                    },
                },
                unfocused: None,
            },
            "flag_label": SkinEntry {
                focused: CompoundStyle {
                    object_style: ContentStyle {
                        foreground_color: Some(
                            Rgb {
                                r: 189,
                                g: 174,
                                b: 147,
                            },
                        ),
                        background_color: None,
                        underline_color: None,
                        attributes: Attributes(
                            0,
                        ),
                    },
                },
                unfocused: None,
            },
            "staging_area_title": SkinEntry {
                focused: CompoundStyle {
                    object_style: ContentStyle {
                        foreground_color: Some(
                            Rgb {
                                r: 235,
                                g: 219,
                                b: 178,
                            },
                        ),
                        background_color: Some(
                            Rgb {
                                r: 40,
                                g: 40,
                                b: 40,
                            },
                        ),
                        underline_color: None,
                        attributes: Attributes(
                            0,
                        ),
                    },
                },
                unfocused: Some(
                    CompoundStyle {
                        object_style: ContentStyle {
                            foreground_color: Some(
                                Rgb {
                                    r: 189,
                                    g: 174,
                                    b: 147,
                                },
                            ),
                            background_color: Some(
                                Rgb {
                                    r: 40,
                                    g: 40,
                                    b: 40,
                                },
                            ),
                            underline_color: None,
                            attributes: Attributes(
                                0,
                            ),
                        },
                    },
                ),
            },
            "git_status_ignored": SkinEntry {
                focused: CompoundStyle {
                    object_style: ContentStyle {
                        foreground_color: Some(
                            Rgb {
                                r: 213,
                                g: 196,
                                b: 161,
                            },
                        ),
                        background_color: None,
                        underline_color: None,
                        attributes: Attributes(
                            0,
                        ),
                    },
                },
                unfocused: None,
            },
            "status_code": SkinEntry {
                focused: CompoundStyle {
                    object_style: ContentStyle {
                        foreground_color: Some(
                            Rgb {
                                r: 251,
                                g: 241,
                                b: 199,
                            },
                        ),
                        background_color: Some(
                            Rgb {
                                r: 40,
                                g: 38,
                                b: 37,
                            },
                        ),
                        underline_color: None,
                        attributes: Attributes(
                            0,
                        ),
                    },
                },
                unfocused: Some(
                    CompoundStyle {
                        object_style: ContentStyle {
                            foreground_color: None,
                            background_color: None,
                            underline_color: None,
                            attributes: Attributes(
                                0,
                            ),
                        },
                    },
                ),
            },
            "good_to_bad_9": SkinEntry {
                focused: CompoundStyle {
                    object_style: ContentStyle {
                        foreground_color: Some(
                            AnsiValue(
                                196,
                            ),
                        ),
                        background_color: None,
                        underline_color: None,
                        attributes: Attributes(
                            0,
                        ),
                    },
                },
                unfocused: None,
            },
            "git_status_current": SkinEntry {
                focused: CompoundStyle {
                    object_style: ContentStyle {
                        foreground_color: Some(
                            Rgb {
                                r: 60,
                                g: 56,
                                b: 54,
                            },
                        ),
                        background_color: None,
                        underline_color: None,
                        attributes: Attributes(
                            0,
                        ),
                    },
                },
                unfocused: None,
            },
            "preview_match": SkinEntry {
                focused: CompoundStyle {
                    object_style: ContentStyle {
                        foreground_color: None,
                        background_color: Some(
                            AnsiValue(
                                29,
                            ),
                        ),
                        underline_color: None,
                        attributes: Attributes(
                            4,
                        ),
                    },
                },
                unfocused: None,
            },
            "preview_title": SkinEntry {
                focused: CompoundStyle {
                    object_style: ContentStyle {
                        foreground_color: Some(
                            Rgb {
                                r: 235,
                                g: 219,
                                b: 178,
                            },
                        ),
                        background_color: Some(
                            Rgb {
                                r: 40,
                                g: 40,
                                b: 40,
                            },
                        ),
                        underline_color: None,
                        attributes: Attributes(
                            0,
                        ),
                    },
                },
                unfocused: Some(
                    CompoundStyle {
                        object_style: ContentStyle {
                            foreground_color: Some(
                                Rgb {
                                    r: 189,
                                    g: 174,
                                    b: 147,
                                },
                            ),
                            background_color: Some(
                                Rgb {
                                    r: 40,
                                    g: 40,
                                    b: 40,
                                },
                            ),
                            underline_color: None,
                            attributes: Attributes(
                                0,
                            ),
                        },
                    },
                ),
            },
            "good_to_bad_7": SkinEntry {
                focused: CompoundStyle {
                    object_style: ContentStyle {
                        foreground_color: Some(
                            AnsiValue(
                                172,
                            ),
                        ),
                        background_color: None,
                        underline_color: None,
                        attributes: Attributes(
                            0,
                        ),
                    },
                },
                unfocused: None,
            },
            "preview_separator": SkinEntry {
                focused: CompoundStyle {
                    object_style: ContentStyle {
                        foreground_color: Some(
                            Rgb {
                                r: 70,
                                g: 70,
                                b: 80,
                            },
                        ),
                        background_color: None,
                        underline_color: None,
                        attributes: Attributes(
                            0,
                        ),
                    },
                },
                unfocused: Some(
                    CompoundStyle {
                        object_style: ContentStyle {
                            foreground_color: Some(
                                Rgb {
                                    r: 60,
                                    g: 60,
                                    b: 60,
                                },
                            ),
                            background_color: None,
                            underline_color: None,
                            attributes: Attributes(
                                0,
                            ),
                        },
                    },
                ),
            },
            "perm_r": SkinEntry {
                focused: CompoundStyle {
                    object_style: ContentStyle {
                        foreground_color: Some(
                            Rgb {
                                r: 215,
                                g: 153,
                                b: 33,
                            },
                        ),
                        background_color: None,
                        underline_color: None,
                        attributes: Attributes(
                            0,
                        ),
                    },
                },
                unfocused: None,
            },
            "git_status_other": SkinEntry {
                focused: CompoundStyle {
                    object_style: ContentStyle {
                        foreground_color: Some(
                            Rgb {
                                r: 204,
                                g: 36,
                                b: 29,
                            },
                        ),
                        background_color: None,
                        underline_color: None,
                        attributes: Attributes(
                            0,
                        ),
                    },
                },
                unfocused: None,
            },
            "input": SkinEntry {
                focused: CompoundStyle {
                    object_style: ContentStyle {
                        foreground_color: Some(
                            Rgb {
                                r: 251,
                                g: 241,
                                b: 199,
                            },
                        ),
                        background_color: None,
                        underline_color: None,
                        attributes: Attributes(
                            0,
                        ),
                    },
                },
                unfocused: Some(
                    CompoundStyle {
                        object_style: ContentStyle {
                            foreground_color: Some(
                                Rgb {
                                    r: 189,
                                    g: 174,
                                    b: 147,
                                },
                            ),
                            background_color: None,
                            underline_color: None,
                            attributes: Attributes(
                                16,
                            ),
                        },
                    },
                ),
            },
            "status_error": SkinEntry {
                focused: CompoundStyle {
                    object_style: ContentStyle {
                        foreground_color: Some(
                            Rgb {
                                r: 213,
                                g: 196,
                                b: 161,
                            },
                        ),
                        background_color: Some(
                            Rgb {
                                r: 204,
                                g: 36,
                                b: 29,
                            },
                        ),
                        underline_color: None,
                        attributes: Attributes(
                            0,
                        ),
                    },
                },
                unfocused: None,
            },
            "hex_ascii_whitespace": SkinEntry {
                focused: CompoundStyle {
                    object_style: ContentStyle {
                        foreground_color: Some(
                            Rgb {
                                r: 152,
                                g: 151,
                                b: 26,
                            },
                        ),
                        background_color: None,
                        underline_color: None,
                        attributes: Attributes(
                            0,
                        ),
                    },
                },
                unfocused: None,
            },
            "perm_x": SkinEntry {
                focused: CompoundStyle {
                    object_style: ContentStyle {
                        foreground_color: Some(
                            Rgb {
                                r: 152,
                                g: 151,
                                b: 26,
                            },
                        ),
                        background_color: None,
                        underline_color: None,
                        attributes: Attributes(
                            0,
                        ),
                    },
                },
                unfocused: None,
            },
            "scrollbar_track": SkinEntry {
                focused: CompoundStyle {
                    object_style: ContentStyle {
                        foreground_color: Some(
                            Rgb {
                                r: 80,
                                g: 73,
                                b: 69,
                            },
                        ),
                        background_color: None,
                        underline_color: None,
                        attributes: Attributes(
                            0,
                        ),
                    },
                },
                unfocused: Some(
                    CompoundStyle {
                        object_style: ContentStyle {
                            foreground_color: Some(
                                Rgb {
                                    r: 50,
                                    g: 48,
                                    b: 47,
                                },
                            ),
                            background_color: None,
                            underline_color: None,
                            attributes: Attributes(
                                0,
                            ),
                        },
                    },
                ),
            },
            "help_bold": SkinEntry {
                focused: CompoundStyle {
                    object_style: ContentStyle {
                        foreground_color: Some(
                            Rgb {
                                r: 214,
                                g: 93,
                                b: 14,
                            },
                        ),
                        background_color: None,
                        underline_color: None,
                        attributes: Attributes(
                            4,
                        ),
                    },
                },
                unfocused: None,
            },
            "sparse": SkinEntry {
                focused: CompoundStyle {
                    object_style: ContentStyle {
                        foreground_color: Some(
                            Rgb {
                                r: 250,
                                g: 189,
                                b: 47,
                            },
                        ),
                        background_color: None,
                        underline_color: None,
                        attributes: Attributes(
                            0,
                        ),
                    },
                },
                unfocused: None,
            },
            "help_table_border": SkinEntry {
                focused: CompoundStyle {
                    object_style: ContentStyle {
                        foreground_color: Some(
                            Rgb {
                                r: 80,
                                g: 73,
                                b: 69,
                            },
                        ),
                        background_color: None,
                        underline_color: None,
                        attributes: Attributes(
                            0,
                        ),
                    },
                },
                unfocused: None,
            },
            "status_job": SkinEntry {
                focused: CompoundStyle {
                    object_style: ContentStyle {
                        foreground_color: Some(
                            Rgb {
                                r: 250,
                                g: 189,
                                b: 47,
                            },
                        ),
                        background_color: Some(
                            Rgb {
                                r: 60,
                                g: 56,
                                b: 54,
                            },
                        ),
                        underline_color: None,
                        attributes: Attributes(
                            0,
                        ),
                    },
                },
                unfocused: None,
            },
            "pruning": SkinEntry {
                focused: CompoundStyle {
                    object_style: ContentStyle {
                        foreground_color: Some(
                            Rgb {
                                r: 124,
                                g: 111,
                                b: 100,
                            },
                        ),
                        background_color: None,
                        underline_color: None,
                        attributes: Attributes(
                            16,
                        ),
                    },
                },
                unfocused: None,
            },
            "git_status_conflicted": SkinEntry {
                focused: CompoundStyle {
                    object_style: ContentStyle {
                        foreground_color: Some(
                            Rgb {
                                r: 204,
                                g: 36,
                                b: 29,
                            },
                        ),
                        background_color: None,
                        underline_color: None,
                        attributes: Attributes(
                            0,
                        ),
                    },
                },
                unfocused: None,
            },
            "selected_line": SkinEntry {
                focused: CompoundStyle {
                    object_style: ContentStyle {
                        foreground_color: None,
                        background_color: Some(
                            Rgb {
                                r: 60,
                                g: 56,
                                b: 54,
                            },
                        ),
                        underline_color: None,
                        attributes: Attributes(
                            0,
                        ),
                    },
                },
                unfocused: Some(
                    CompoundStyle {
                        object_style: ContentStyle {
                            foreground_color: None,
                            background_color: Some(
                                Rgb {
                                    r: 50,
                                    g: 48,
                                    b: 47,
                                },
                            ),
                            underline_color: None,
                            attributes: Attributes(
                                0,
                            ),
                        },
                    },
                ),
            },
            "purpose_ellipsis": SkinEntry {
                focused: CompoundStyle {
                    object_style: ContentStyle {
                        foreground_color: None,
                        background_color: None,
                        underline_color: None,
                        attributes: Attributes(
                            0,
                        ),
                    },
                },
                unfocused: None,
            },
            "flag_value": SkinEntry {
                focused: CompoundStyle {
                    object_style: ContentStyle {
                        foreground_color: Some(
                            Rgb {
                                r: 211,
                                g: 134,
                                b: 155,
                            },
                        ),
                        background_color: None,
                        underline_color: None,
                        attributes: Attributes(
                            4,
                        ),
                    },
                },
                unfocused: None,
            },
        },
    ),
    special_paths: {
        GlobConf {
            pattern: "/media",
        }: Detailed(
            SpecialHandling {
                show: Default,
                list: Never,
                sum: Never,
            },
        ),
        GlobConf {
            pattern: "~/.config",
        }: Detailed(
            SpecialHandling {
                show: Always,
                list: Default,
                sum: Default,
            },
        ),
        GlobConf {
            pattern: "trav",
        }: Detailed(
            SpecialHandling {
                show: Always,
                list: Always,
                sum: Never,
            },
        ),
    },
    syntax_theme: None,
    terminal_title: None,
    reset_terminal_title_on_exit: None,
    true_colors: Some(
        true,
    ),
    update_work_dir: None,
    verbs: [
        VerbConf {
            invocation: Some(
                "edit",
            ),
            internal: None,
            external: None,
            execution: Some(
                String(
                    "$EDITOR {file}",
                ),
            ),
            cmd: None,
            cmd_separator: None,
            key: Some(
                "ctrl-e",
            ),
            keys: [],
            extensions: [],
            shortcut: Some(
                "e",
            ),
            leave_broot: Some(
                false,
            ),
            from_shell: None,
            apply_to: TextFile,
            set_working_dir: None,
            working_dir: None,
            description: None,
            auto_exec: None,
            switch_terminal: None,
            panels: [],
            refresh_after: None,
        },
        VerbConf {
            invocation: Some(
                "t {new_file}",
            ),
            internal: None,
            external: None,
            execution: Some(
                String(
                    "touch {directory}/{new_file}",
                ),
            ),
            cmd: None,
            cmd_separator: None,
            key: Some(
                "ctrl-t",
            ),
            keys: [],
            extensions: [],
            shortcut: None,
            leave_broot: Some(
                false,
            ),
            from_shell: None,
            apply_to: Any,
            set_working_dir: None,
            working_dir: None,
            description: None,
            auto_exec: None,
            switch_terminal: None,
            panels: [],
            refresh_after: None,
        },
        VerbConf {
            invocation: Some(
                "create {subpath}",
            ),
            internal: None,
            external: None,
            execution: Some(
                String(
                    "$EDITOR {directory}/{subpath}",
                ),
            ),
            cmd: None,
            cmd_separator: None,
            key: None,
            keys: [],
            extensions: [],
            shortcut: None,
            leave_broot: Some(
                false,
            ),
            from_shell: None,
            apply_to: Any,
            set_working_dir: None,
            working_dir: None,
            description: None,
            auto_exec: None,
            switch_terminal: None,
            panels: [],
            refresh_after: None,
        },
        VerbConf {
            invocation: Some(
                "git_diff",
            ),
            internal: None,
            external: None,
            execution: Some(
                String(
                    "git difftool -y {file}",
                ),
            ),
            cmd: None,
            cmd_separator: None,
            key: None,
            keys: [],
            extensions: [],
            shortcut: Some(
                "gd",
            ),
            leave_broot: Some(
                false,
            ),
            from_shell: None,
            apply_to: Any,
            set_working_dir: None,
            working_dir: None,
            description: None,
            auto_exec: None,
            switch_terminal: None,
            panels: [],
            refresh_after: None,
        },
        VerbConf {
            invocation: Some(
                "backup {version}",
            ),
            internal: None,
            external: None,
            execution: Some(
                String(
                    "cp -r {file} {parent}/{file-stem}-{version}{file-dot-extension}",
                ),
            ),
            cmd: None,
            cmd_separator: None,
            key: Some(
                "ctrl-b",
            ),
            keys: [],
            extensions: [],
            shortcut: None,
            leave_broot: Some(
                false,
            ),
            from_shell: None,
            apply_to: Any,
            set_working_dir: None,
            working_dir: None,
            description: None,
            auto_exec: Some(
                false,
            ),
            switch_terminal: None,
            panels: [],
            refresh_after: None,
        },
        VerbConf {
            invocation: Some(
                "rm",
            ),
            internal: Some(
                "trash",
            ),
            external: None,
            execution: None,
            cmd: None,
            cmd_separator: None,
            key: None,
            keys: [],
            extensions: [],
            shortcut: None,
            leave_broot: Some(
                false,
            ),
            from_shell: None,
            apply_to: Any,
            set_working_dir: None,
            working_dir: None,
            description: None,
            auto_exec: None,
            switch_terminal: None,
            panels: [],
            refresh_after: None,
        },
        VerbConf {
            invocation: Some(
                "terminal",
            ),
            internal: None,
            external: None,
            execution: Some(
                String(
                    "$SHELL",
                ),
            ),
            cmd: None,
            cmd_separator: None,
            key: Some(
                "ctrl-t",
            ),
            keys: [],
            extensions: [],
            shortcut: None,
            leave_broot: Some(
                false,
            ),
            from_shell: None,
            apply_to: Any,
            set_working_dir: Some(
                true,
            ),
            working_dir: None,
            description: None,
            auto_exec: None,
            switch_terminal: None,
            panels: [],
            refresh_after: None,
        },
        VerbConf {
            invocation: None,
            internal: None,
            external: None,
            execution: Some(
                String(
                    ":line_up",
                ),
            ),
            cmd: None,
            cmd_separator: None,
            key: Some(
                "ctrl-k",
            ),
            keys: [],
            extensions: [],
            shortcut: None,
            leave_broot: None,
            from_shell: None,
            apply_to: Any,
            set_working_dir: None,
            working_dir: None,
            description: None,
            auto_exec: None,
            switch_terminal: None,
            panels: [],
            refresh_after: None,
        },
        VerbConf {
            invocation: None,
            internal: None,
            external: None,
            execution: Some(
                String(
                    ":line_down",
                ),
            ),
            cmd: None,
            cmd_separator: None,
            key: Some(
                "ctrl-j",
            ),
            keys: [],
            extensions: [],
            shortcut: None,
            leave_broot: None,
            from_shell: None,
            apply_to: Any,
            set_working_dir: None,
            working_dir: None,
            description: None,
            auto_exec: None,
            switch_terminal: None,
            panels: [],
            refresh_after: None,
        },
        VerbConf {
            invocation: None,
            internal: None,
            external: None,
            execution: Some(
                String(
                    ":select_first",
                ),
            ),
            cmd: None,
            cmd_separator: None,
            key: Some(
                "ctrl-u",
            ),
            keys: [],
            extensions: [],
            shortcut: None,
            leave_broot: None,
            from_shell: None,
            apply_to: Any,
            set_working_dir: None,
            working_dir: None,
            description: None,
            auto_exec: None,
            switch_terminal: None,
            panels: [],
            refresh_after: None,
        },
        VerbConf {
            invocation: None,
            internal: None,
            external: None,
            execution: Some(
                String(
                    ":select_last",
                ),
            ),
            cmd: None,
            cmd_separator: None,
            key: Some(
                "ctrl-d",
            ),
            keys: [],
            extensions: [],
            shortcut: None,
            leave_broot: None,
            from_shell: None,
            apply_to: Any,
            set_working_dir: None,
            working_dir: None,
            description: None,
            auto_exec: None,
            switch_terminal: None,
            panels: [],
            refresh_after: None,
        },
        VerbConf {
            invocation: None,
            internal: None,
            external: None,
            execution: Some(
                String(
                    ":panel_left_no_open",
                ),
            ),
            cmd: None,
            cmd_separator: None,
            key: Some(
                "ctrl-h",
            ),
            keys: [],
            extensions: [],
            shortcut: None,
            leave_broot: None,
            from_shell: None,
            apply_to: Any,
            set_working_dir: None,
            working_dir: None,
            description: None,
            auto_exec: None,
            switch_terminal: None,
            panels: [],
            refresh_after: None,
        },
        VerbConf {
            invocation: None,
            internal: None,
            external: None,
            execution: Some(
                String(
                    ":panel_right",
                ),
            ),
            cmd: None,
            cmd_separator: None,
            key: Some(
                "ctrl-l",
            ),
            keys: [],
            extensions: [],
            shortcut: None,
            leave_broot: None,
            from_shell: None,
            apply_to: Any,
            set_working_dir: None,
            working_dir: None,
            description: None,
            auto_exec: None,
            switch_terminal: None,
            panels: [],
            refresh_after: None,
        },
        VerbConf {
            invocation: Some(
                "toggle_stage",
            ),
            internal: Some(
                ":open_staging_area",
            ),
            external: None,
            execution: None,
            cmd: None,
            cmd_separator: None,
            key: Some(
                "ctrl-o",
            ),
            keys: [],
            extensions: [],
            shortcut: None,
            leave_broot: None,
            from_shell: None,
            apply_to: Any,
            set_working_dir: None,
            working_dir: None,
            description: None,
            auto_exec: None,
            switch_terminal: None,
            panels: [],
            refresh_after: None,
        },
        VerbConf {
            invocation: Some(
                "mv {new_filename}",
            ),
            internal: None,
            external: None,
            execution: Some(
                String(
                    "mv {file} {parent}/{new_filename}",
                ),
            ),
            cmd: None,
            cmd_separator: None,
            key: None,
            keys: [],
            extensions: [],
            shortcut: None,
            leave_broot: Some(
                false,
            ),
            from_shell: None,
            apply_to: Any,
            set_working_dir: None,
            working_dir: None,
            description: None,
            auto_exec: None,
            switch_terminal: None,
            panels: [],
            refresh_after: None,
        },
        VerbConf {
            invocation: Some(
                "ds {new_filename}",
            ),
            internal: None,
            external: None,
            execution: Some(
                String(
                    "rg --files --max-depth 4 --glob 'nevermind'",
                ),
            ),
            cmd: None,
            cmd_separator: None,
            key: None,
            keys: [],
            extensions: [],
            shortcut: None,
            leave_broot: Some(
                true,
            ),
            from_shell: None,
            apply_to: Any,
            set_working_dir: None,
            working_dir: None,
            description: None,
            auto_exec: None,
            switch_terminal: None,
            panels: [],
            refresh_after: None,
        },
        VerbConf {
            invocation: Some(
                "toggle_depth {integer}",
            ),
            internal: Some(
                ":set_max_depth {integer}",
            ),
            external: None,
            execution: None,
            cmd: None,
            cmd_separator: None,
            key: None,
            keys: [],
            extensions: [],
            shortcut: Some(
                "td",
            ),
            leave_broot: Some(
                false,
            ),
            from_shell: None,
            apply_to: Any,
            set_working_dir: None,
            working_dir: None,
            description: None,
            auto_exec: None,
            switch_terminal: None,
            panels: [],
            refresh_after: None,
        },
    ],
    layout_instructions: None,
}
23:37:26.149 [DEBUG] broot::tree_build::builder: Ignorer::default() took 21ns
23:37:26.157 [DEBUG] broot::tree_build::builder: blines before trimming: 35
23:37:26.157 [DEBUG] broot::tree_build::builder: trimming prematurely interrupted
23:37:26.259 [DEBUG] broot::app::app: Clipboard backend: "X11"
23:37:26.259 [INFO] broot::app::app: event source is combining: false
23:37:26.259 [DEBUG] broot::app::app: display panel took 171.125s
23:37:26.259 [DEBUG] broot::kitty::detect_support: is_tmux ?
23:37:26.259 [DEBUG] broot::kitty::detect_support: $TERM = "xterm-256color"
23:37:26.259 [DEBUG] broot::kitty::detect_support: $TERMINAL = "kitty"
23:37:26.259 [DEBUG] broot::app::app: pending_tasks took 281ns
23:37:26.915 [DEBUG] broot::app::app: key combination: t
23:37:26.915 [DEBUG] broot::app::app: command after add_event: PatternEdit { raw: "t", expr: BeTree { atoms: [PatternParts { parts: ["t"] }], nodes: [Node { operator: None, parent: None, left: Atom(0), right: None, unary: false }], head: 0, tail: 0, last_pushed: Atom, op_count: 0, openness: 0 } }
23:37:26.915 [INFO] broot::app::app: cmd_result: Keep
23:37:26.915 [DEBUG] broot::app::app: display panel took 137.849s
23:37:26.915 [DEBUG] broot::kitty::detect_support: is_tmux ?
23:37:26.915 [DEBUG] broot::kitty::detect_support: $TERM = "xterm-256color"
23:37:26.915 [DEBUG] broot::kitty::detect_support: $TERMINAL = "kitty"
23:37:26.915 [DEBUG] broot::tree_build::builder: Ignorer::default() took 29ns
23:37:26.915 [DEBUG] broot::tree_build::builder: blines before trimming: 19
23:37:26.915 [INFO] broot::browser::browser_state: tree filtering on "t" took 162.137s
23:37:26.916 [DEBUG] broot::app::app: display panel took 198.047s
23:37:26.916 [DEBUG] broot::kitty::detect_support: is_tmux ?
23:37:26.916 [DEBUG] broot::kitty::detect_support: $TERM = "xterm-256color"
23:37:26.916 [DEBUG] broot::kitty::detect_support: $TERMINAL = "kitty"
23:37:26.916 [DEBUG] broot::app::app: pending_tasks took 499.505s
23:37:26.985 [DEBUG] broot::app::app: key combination: r
23:37:26.985 [DEBUG] broot::app::app: command after add_event: PatternEdit { raw: "tr", expr: BeTree { atoms: [PatternParts { parts: ["tr"] }], nodes: [Node { operator: None, parent: None, left: Atom(0), right: None, unary: false }], head: 0, tail: 0, last_pushed: Atom, op_count: 0, openness: 0 } }
23:37:26.985 [INFO] broot::app::app: cmd_result: Keep
23:37:26.985 [DEBUG] broot::app::app: display panel took 192.934s
23:37:26.985 [DEBUG] broot::kitty::detect_support: is_tmux ?
23:37:26.985 [DEBUG] broot::kitty::detect_support: $TERM = "xterm-256color"
23:37:26.985 [DEBUG] broot::kitty::detect_support: $TERMINAL = "kitty"
23:37:26.985 [DEBUG] broot::tree_build::builder: Ignorer::default() took 21ns
23:37:26.985 [DEBUG] broot::tree_build::builder: blines before trimming: 7
23:37:26.986 [INFO] broot::browser::browser_state: tree filtering on "tr" took 203.845s
23:37:26.986 [DEBUG] broot::app::app: display panel took 70.88s
23:37:26.986 [DEBUG] broot::kitty::detect_support: is_tmux ?
23:37:26.986 [DEBUG] broot::kitty::detect_support: $TERM = "xterm-256color"
23:37:26.986 [DEBUG] broot::kitty::detect_support: $TERMINAL = "kitty"
23:37:26.986 [DEBUG] broot::app::app: pending_tasks took 564.682s
23:37:27.049 [DEBUG] broot::app::app: key combination: e
23:37:27.049 [DEBUG] broot::app::app: command after add_event: PatternEdit { raw: "tre", expr: BeTree { atoms: [PatternParts { parts: ["tre"] }], nodes: [Node { operator: None, parent: None, left: Atom(0), right: None, unary: false }], head: 0, tail: 0, last_pushed: Atom, op_count: 0, openness: 0 } }
23:37:27.049 [INFO] broot::app::app: cmd_result: Keep
23:37:27.050 [DEBUG] broot::app::app: display panel took 174.323s
23:37:27.050 [DEBUG] broot::kitty::detect_support: is_tmux ?
23:37:27.050 [DEBUG] broot::kitty::detect_support: $TERM = "xterm-256color"
23:37:27.050 [DEBUG] broot::kitty::detect_support: $TERMINAL = "kitty"
23:37:27.050 [DEBUG] broot::tree_build::builder: Ignorer::default() took 30ns
23:37:27.050 [DEBUG] broot::tree_build::builder: blines before trimming: 6
23:37:27.050 [INFO] broot::browser::browser_state: tree filtering on "tre" took 125.46s
23:37:27.050 [DEBUG] broot::app::app: display panel took 86.623s
23:37:27.050 [DEBUG] broot::kitty::detect_support: is_tmux ?
23:37:27.050 [DEBUG] broot::kitty::detect_support: $TERM = "xterm-256color"
23:37:27.050 [DEBUG] broot::kitty::detect_support: $TERMINAL = "kitty"
23:37:27.050 [DEBUG] broot::app::app: pending_tasks took 346.45s
23:37:27.199 [DEBUG] broot::app::app: key combination: e
23:37:27.199 [DEBUG] broot::app::app: command after add_event: PatternEdit { raw: "tree", expr: BeTree { atoms: [PatternParts { parts: ["tree"] }], nodes: [Node { operator: None, parent: None, left: Atom(0), right: None, unary: false }], head: 0, tail: 0, last_pushed: Atom, op_count: 0, openness: 0 } }
23:37:27.199 [INFO] broot::app::app: cmd_result: Keep
23:37:27.200 [DEBUG] broot::app::app: display panel took 342.636s
23:37:27.200 [DEBUG] broot::kitty::detect_support: is_tmux ?
23:37:27.200 [DEBUG] broot::kitty::detect_support: $TERM = "xterm-256color"
23:37:27.200 [DEBUG] broot::kitty::detect_support: $TERMINAL = "kitty"
23:37:27.200 [DEBUG] broot::tree_build::builder: Ignorer::default() took 37ns
23:37:27.200 [DEBUG] broot::tree_build::builder: blines before trimming: 5
23:37:27.200 [INFO] broot::browser::browser_state: tree filtering on "tree" took 127.933s
23:37:27.200 [DEBUG] broot::app::app: display panel took 109.366s
23:37:27.200 [DEBUG] broot::kitty::detect_support: is_tmux ?
23:37:27.200 [DEBUG] broot::kitty::detect_support: $TERM = "xterm-256color"
23:37:27.200 [DEBUG] broot::kitty::detect_support: $TERMINAL = "kitty"
23:37:27.200 [DEBUG] broot::app::app: pending_tasks took 419.26s
23:37:28.316 [DEBUG] broot::app::app: key combination: Ctrl-k
23:37:28.316 [DEBUG] broot::command::panel_input: verb for key: :line_up
23:37:28.316 [DEBUG] broot::app::app: command after add_event: VerbTrigger { verb_id: 7, input_invocation: None }
23:37:28.316 [DEBUG] broot::browser::browser_state: browser_state on_internal InternalExecution { internal: line_up, bang: false, arg: None }
23:37:28.316 [INFO] broot::app::app: cmd_result: Keep
23:37:28.316 [DEBUG] broot::app::app: display panel took 204.017s
23:37:28.316 [DEBUG] broot::kitty::detect_support: is_tmux ?
23:37:28.316 [DEBUG] broot::kitty::detect_support: $TERM = "xterm-256color"
23:37:28.316 [DEBUG] broot::kitty::detect_support: $TERMINAL = "kitty"
23:37:28.316 [DEBUG] broot::app::app: pending_tasks took 338ns
23:37:28.950 [DEBUG] broot::app::app: key combination: Ctrl-l
23:37:28.950 [DEBUG] broot::command::panel_input: verb for key: :panel_right
23:37:28.950 [DEBUG] broot::app::app: command after add_event: VerbTrigger { verb_id: 12, input_invocation: None }
23:37:28.950 [DEBUG] broot::browser::browser_state: browser_state on_internal InternalExecution { internal: panel_right, bang: false, arg: None }
23:37:28.950 [DEBUG] broot::image::zune_compat: Falling back to image crate for: "/home/wytchfyre/.config/nvim/lua/plugins/nvim_treesitter.lua"
23:37:28.951 [DEBUG] broot::syntactic::syntaxer: syntect::dumps::from_uncompressed_data(SYNTAXES).unwrap() took 1.194008ms
23:37:28.956 [INFO] broot::app::app: cmd_result: NewPanel
23:37:28.957 [DEBUG] broot::app::app: display panel took 99.715s
23:37:28.957 [DEBUG] broot::app::app: display panel took 165.883s
23:37:28.957 [DEBUG] broot::kitty::detect_support: is_tmux ?
23:37:28.957 [DEBUG] broot::kitty::detect_support: $TERM = "xterm-256color"
23:37:28.957 [DEBUG] broot::kitty::detect_support: $TERMINAL = "kitty"
23:37:28.957 [DEBUG] broot::app::app: pending_tasks took 506ns
23:37:35.418 [DEBUG] broot::app::app: key combination: Ctrl-h
23:37:35.418 [DEBUG] broot::command::panel_input: verb for key: :panel_left_no_open
23:37:35.418 [DEBUG] broot::app::app: command after add_event: VerbTrigger { verb_id: 11, input_invocation: None }
23:37:35.418 [DEBUG] broot::browser::browser_state: browser_state on_internal InternalExecution { internal: panel_left_no_open, bang: false, arg: None }
23:37:35.418 [INFO] broot::app::app: cmd_result: HandleInApp
23:37:35.418 [DEBUG] broot::app::app: handling internal panel_left_no_open at app level
23:37:35.418 [DEBUG] broot::app::app: display panel took 152.486s
23:37:35.418 [DEBUG] broot::kitty::detect_support: is_tmux ?
23:37:35.418 [DEBUG] broot::kitty::detect_support: $TERM = "xterm-256color"
23:37:35.418 [DEBUG] broot::kitty::detect_support: $TERMINAL = "kitty"
23:37:35.418 [DEBUG] broot::app::app: pending_tasks took 581ns
23:37:36.038 [DEBUG] broot::app::app: key combination: Ctrl-k
23:37:36.038 [DEBUG] broot::command::panel_input: verb for key: :line_up
23:37:36.038 [DEBUG] broot::app::app: command after add_event: VerbTrigger { verb_id: 7, input_invocation: None }
23:37:36.038 [DEBUG] broot::browser::browser_state: browser_state on_internal InternalExecution { internal: line_up, bang: false, arg: None }
23:37:36.038 [INFO] broot::app::app: cmd_result: Keep
23:37:36.039 [DEBUG] broot::app::app: display panel took 133.309s
23:37:36.039 [DEBUG] broot::kitty::detect_support: is_tmux ?
23:37:36.039 [DEBUG] broot::kitty::detect_support: $TERM = "xterm-256color"
23:37:36.039 [DEBUG] broot::kitty::detect_support: $TERMINAL = "kitty"
23:37:36.039 [DEBUG] broot::app::app: pending_tasks took 240ns
23:38:04.679 [DEBUG] broot::app::app: key combination: Esc
23:38:04.679 [DEBUG] broot::command::panel_input: verb for key: :escape
23:38:04.679 [DEBUG] broot::app::app: command after add_event: Internal { internal: back, input_invocation: None }
23:38:04.679 [DEBUG] broot::browser::browser_state: browser_state on_internal InternalExecution { internal: back, bang: false, arg: None }
23:38:04.679 [INFO] broot::app::app: cmd_result: Keep
23:38:04.680 [DEBUG] broot::app::app: display panel took 266.4s
23:38:04.680 [DEBUG] broot::kitty::detect_support: is_tmux ?
23:38:04.680 [DEBUG] broot::kitty::detect_support: $TERM = "xterm-256color"
23:38:04.680 [DEBUG] broot::kitty::detect_support: $TERMINAL = "kitty"
23:38:04.680 [DEBUG] broot::app::app: pending_tasks took 301ns
23:38:05.370 [DEBUG] broot::app::app: key combination: Esc
23:38:05.370 [DEBUG] broot::command::panel_input: verb for key: :escape
23:38:05.370 [DEBUG] broot::app::app: command after add_event: Internal { internal: back, input_invocation: None }
23:38:05.370 [DEBUG] broot::browser::browser_state: browser_state on_internal InternalExecution { internal: back, bang: false, arg: None }
23:38:05.370 [INFO] broot::app::app: cmd_result: Keep
23:38:05.371 [DEBUG] broot::app::app: display panel took 264.232s
23:38:05.371 [DEBUG] broot::kitty::detect_support: is_tmux ?
23:38:05.371 [DEBUG] broot::kitty::detect_support: $TERM = "xterm-256color"
23:38:05.371 [DEBUG] broot::kitty::detect_support: $TERMINAL = "kitty"
23:38:05.371 [DEBUG] broot::app::app: pending_tasks took 318ns
23:38:05.987 [DEBUG] broot::app::app: key combination: Esc
23:38:05.987 [DEBUG] broot::command::panel_input: verb for key: :escape
23:38:05.987 [DEBUG] broot::app::app: command after add_event: Internal { internal: back, input_invocation: None }
23:38:05.987 [DEBUG] broot::browser::browser_state: browser_state on_internal InternalExecution { internal: back, bang: false, arg: None }
23:38:05.987 [INFO] broot::app::app: cmd_result: PopState
23:38:05.987 [DEBUG] broot::task_sync: dead dam
23:38:05.987 [DEBUG] broot::kitty::detect_support: is_tmux ?
23:38:05.987 [DEBUG] broot::kitty::detect_support: $TERM = "xterm-256color"
23:38:05.987 [DEBUG] broot::kitty::detect_support: $TERMINAL = "kitty"
23:38:05.987 [INFO] broot::cli: clearing resources
23:38:05.987 [INFO] broot::watcher: notify sender disconnected, stopping notify watcher thread
23:38:05.988 [INFO] cli_log::mem: Physical mem usage: current=24M, peak=241M
23:38:05.988 [INFO] broot: bye
